2023-09-08 01:00:20,297 [INFO] LogOutputStream:77 - [STDOUT_REDIRECT] 
2023-09-08 01:00:23,874 [INFO] ProjectBuilder:4626 - Time for Generating toolchain IDE Files: 4652mS.
2023-09-08 01:00:23,876 [INFO] ProjectBuilder:2935 - Time for Copy CMSIS : 2mS.
2023-09-08 01:00:23,885 [INFO] ProjectBuilder:2935 - Time for Copy CMSIS : 1mS.
2023-09-08 01:00:24,971 [INFO] McuFinderGlobals:76 - Set McuFinderConnectedMode to true
2023-09-08 01:00:24,974 [INFO] ApiDb:448 - Save user favorites file C:\Users\hamuc/.stm32cubeide/favorites.mcus.txt: 0 item(s)
2023-09-08 01:00:24,975 [INFO] ApiDb:452 - User favorites MCUs=[]
2023-09-08 01:00:56,634 [INFO] Can:71 - Can Add PropertyChangeListener com.st.microxplorer.plugins.ip.can.Can@791628e9
2023-09-08 01:00:56,719 [INFO] NvicIntPanel:101 - NVIC parent = com.st.microxplorer.plugins.ip.nvic.MultiNvicIntPanel[,0,0,0x0,invalid,layout=javax.swing.BoxLayout,alignmentX=0.0,alignmentY=0.0,border=,flags=9,maximumSize=,minimumSize=,preferredSize=]
2023-09-08 01:19:57,840 [INFO] NvicIntPanel:101 - NVIC parent = com.st.microxplorer.plugins.ip.nvic.MultiNvicIntPanel[,0,0,524x194,layout=javax.swing.BoxLayout,alignmentX=0.0,alignmentY=0.0,border=,flags=9,maximumSize=,minimumSize=,preferredSize=]
2023-09-08 01:23:13,628 [INFO] UtilMem:75 - End SaveConfig() Used Memory: 327379488 Bytes (1020264448)
2023-09-08 01:23:13,697 [INFO] UtilMem:75 - End SaveConfig() Used Memory: 338782456 Bytes (1020264448)
2023-09-08 01:23:14,619 [INFO] UtilMem:75 - End SaveConfig() Used Memory: 417034768 Bytes (1020264448)
2023-09-08 01:23:14,905 [INFO] BlockDiagram:2759 - set Specific Code input for plugin: SYS
2023-09-08 01:23:14,906 [INFO] BlockDiagram:2759 - set Specific Code input for plugin: CAN
2023-09-08 01:23:14,906 [INFO] BlockDiagram:2759 - set Specific Code input for plugin: RCC
2023-09-08 01:23:14,906 [INFO] BlockDiagram:2759 - set Specific Code input for plugin: NVIC
2023-09-08 01:23:14,906 [INFO] BlockDiagram:2759 - set Specific Code input for plugin: USART
2023-09-08 01:23:14,906 [INFO] BlockDiagram:2759 - set Specific Code input for plugin: GPIO
2023-09-08 01:23:14,908 [INFO] CodeGenerator:799 - code generatio: config db path: C:\ST\STM32CubeIDE_1.13.0\STM32CubeIDE\plugins\com.st.stm32cube.common.mx_6.9.1.202307191849\\db\
2023-09-08 01:23:15,021 [INFO] CodeEngine:255 - oldGeneratedFile, C:\Users\hamuc\STM32CubeIDE\workspace_1.13.0\HTSOR\MXTmpFiles\license.tmp_save
2023-09-08 01:23:15,109 [INFO] CodeEngine:279 - Generated code: C:\Users\hamuc\STM32CubeIDE\workspace_1.13.0\HTSOR\MXTmpFiles\license.tmp
2023-09-08 01:23:15,209 [INFO] CodeEngine:255 - oldGeneratedFile, C:\Users\hamuc\STM32CubeIDE\workspace_1.13.0\HTSOR\MXTmpFiles\gpio.tmp_save
2023-09-08 01:23:15,290 [INFO] CodeEngine:279 - Generated code: C:\Users\hamuc\STM32CubeIDE\workspace_1.13.0\HTSOR\MXTmpFiles\gpio.tmp
2023-09-08 01:23:15,494 [INFO] CodeEngine:255 - oldGeneratedFile, C:\Users\hamuc\STM32CubeIDE\workspace_1.13.0\HTSOR\Core\Src\stm32f3xx_it.c_save
2023-09-08 01:23:15,641 [INFO] CodeEngine:279 - Generated code: C:\Users\hamuc\STM32CubeIDE\workspace_1.13.0\HTSOR\Core\Src\stm32f3xx_it.c
2023-09-08 01:23:15,654 [INFO] CodeEngine:255 - oldGeneratedFile, C:\Users\hamuc\STM32CubeIDE\workspace_1.13.0\HTSOR\Core\Inc\stm32f3xx_it.h_save
2023-09-08 01:23:15,721 [INFO] CodeEngine:279 - Generated code: C:\Users\hamuc\STM32CubeIDE\workspace_1.13.0\HTSOR\Core\Inc\stm32f3xx_it.h
2023-09-08 01:23:15,744 [INFO] CodeEngine:255 - oldGeneratedFile, C:\Users\hamuc\STM32CubeIDE\workspace_1.13.0\HTSOR\Core\Src\stm32f3xx_hal_msp.c_save
2023-09-08 01:23:15,852 [INFO] CodeEngine:279 - Generated code: C:\Users\hamuc\STM32CubeIDE\workspace_1.13.0\HTSOR\Core\Src\stm32f3xx_hal_msp.c
2023-09-08 01:23:15,864 [INFO] CodeEngine:255 - oldGeneratedFile, C:\Users\hamuc\STM32CubeIDE\workspace_1.13.0\HTSOR\MXTmpFiles\system.tmp_save
2023-09-08 01:23:15,922 [INFO] CodeEngine:279 - Generated code: C:\Users\hamuc\STM32CubeIDE\workspace_1.13.0\HTSOR\MXTmpFiles\system.tmp
2023-09-08 01:23:15,941 [INFO] CodeEngine:311 - oldGeneratedFile, C:\Users\hamuc\STM32CubeIDE\workspace_1.13.0\HTSOR\Core\Inc\stm32f3xx_hal_conf.h_save
2023-09-08 01:23:16,011 [INFO] CodeEngine:335 - Generated code: C:\Users\hamuc\STM32CubeIDE\workspace_1.13.0\HTSOR\Core\Inc\stm32f3xx_hal_conf.h
2023-09-08 01:23:16,050 [INFO] CodeEngine:255 - oldGeneratedFile, C:\Users\hamuc\STM32CubeIDE\workspace_1.13.0\HTSOR\Core\Inc\main.h_save
2023-09-08 01:23:16,159 [INFO] CodeEngine:279 - Generated code: C:\Users\hamuc\STM32CubeIDE\workspace_1.13.0\HTSOR\Core\Inc\main.h
2023-09-08 01:23:16,173 [INFO] CodeEngine:255 - oldGeneratedFile, C:\Users\hamuc\STM32CubeIDE\workspace_1.13.0\HTSOR\Core\Src\main.c_save
2023-09-08 01:23:16,295 [INFO] CodeEngine:279 - Generated code: C:\Users\hamuc\STM32CubeIDE\workspace_1.13.0\HTSOR\Core\Src\main.c
2023-09-08 01:23:16,866 [INFO] ProjectBuilder:3064 - Time for Copy HAL[1] : 308mS.
2023-09-08 01:23:16,874 [INFO] ProjectBuilder:4404 - Project Generator version: 4.1.0
2023-09-08 01:23:17,028 [INFO] ConfigFileManager:1457 - The Die is : DIE438
2023-09-08 01:23:18,492 [INFO] ProjectBuilder:4626 - Time for Generating toolchain IDE Files: 1618mS.
2023-09-08 01:23:18,494 [INFO] ProjectBuilder:2935 - Time for Copy CMSIS : 2mS.
2023-09-08 01:23:18,501 [INFO] ProjectBuilder:2935 - Time for Copy CMSIS : 0mS.
2023-09-08 01:26:33,658 [INFO] UtilMem:75 - End SaveConfig() Used Memory: 822511280 Bytes (1073741824)
2023-09-08 01:26:33,728 [INFO] UtilMem:75 - End SaveConfig() Used Memory: 833147400 Bytes (1073741824)
2023-09-08 01:26:34,297 [INFO] UtilMem:75 - End SaveConfig() Used Memory: 866519864 Bytes (1073741824)
2023-09-08 01:26:34,557 [INFO] BlockDiagram:2759 - set Specific Code input for plugin: SYS
2023-09-08 01:26:34,557 [INFO] BlockDiagram:2759 - set Specific Code input for plugin: CAN
2023-09-08 01:26:34,557 [INFO] BlockDiagram:2759 - set Specific Code input for plugin: RCC
2023-09-08 01:26:34,557 [INFO] BlockDiagram:2759 - set Specific Code input for plugin: NVIC
2023-09-08 01:26:34,557 [INFO] BlockDiagram:2759 - set Specific Code input for plugin: USART
2023-09-08 01:26:34,557 [INFO] BlockDiagram:2759 - set Specific Code input for plugin: GPIO
2023-09-08 01:26:34,559 [INFO] CodeGenerator:799 - code generatio: config db path: C:\ST\STM32CubeIDE_1.13.0\STM32CubeIDE\plugins\com.st.stm32cube.common.mx_6.9.1.202307191849\\db\
2023-09-08 01:26:34,662 [INFO] CodeEngine:255 - oldGeneratedFile, C:\Users\hamuc\STM32CubeIDE\workspace_1.13.0\HTSOR\MXTmpFiles\license.tmp_save
2023-09-08 01:26:34,721 [INFO] CodeEngine:279 - Generated code: C:\Users\hamuc\STM32CubeIDE\workspace_1.13.0\HTSOR\MXTmpFiles\license.tmp
2023-09-08 01:26:34,789 [INFO] CodeEngine:255 - oldGeneratedFile, C:\Users\hamuc\STM32CubeIDE\workspace_1.13.0\HTSOR\MXTmpFiles\gpio.tmp_save
2023-09-08 01:26:34,850 [INFO] CodeEngine:279 - Generated code: C:\Users\hamuc\STM32CubeIDE\workspace_1.13.0\HTSOR\MXTmpFiles\gpio.tmp
2023-09-08 01:26:35,041 [INFO] CodeEngine:255 - oldGeneratedFile, C:\Users\hamuc\STM32CubeIDE\workspace_1.13.0\HTSOR\Core\Src\stm32f3xx_it.c_save
2023-09-08 01:26:35,114 [INFO] CodeEngine:279 - Generated code: C:\Users\hamuc\STM32CubeIDE\workspace_1.13.0\HTSOR\Core\Src\stm32f3xx_it.c
2023-09-08 01:26:35,126 [INFO] CodeEngine:255 - oldGeneratedFile, C:\Users\hamuc\STM32CubeIDE\workspace_1.13.0\HTSOR\Core\Inc\stm32f3xx_it.h_save
2023-09-08 01:26:35,193 [INFO] CodeEngine:279 - Generated code: C:\Users\hamuc\STM32CubeIDE\workspace_1.13.0\HTSOR\Core\Inc\stm32f3xx_it.h
2023-09-08 01:26:35,215 [INFO] CodeEngine:255 - oldGeneratedFile, C:\Users\hamuc\STM32CubeIDE\workspace_1.13.0\HTSOR\Core\Src\stm32f3xx_hal_msp.c_save
2023-09-08 01:26:35,304 [INFO] CodeEngine:279 - Generated code: C:\Users\hamuc\STM32CubeIDE\workspace_1.13.0\HTSOR\Core\Src\stm32f3xx_hal_msp.c
2023-09-08 01:26:35,314 [INFO] CodeEngine:255 - oldGeneratedFile, C:\Users\hamuc\STM32CubeIDE\workspace_1.13.0\HTSOR\MXTmpFiles\system.tmp_save
2023-09-08 01:26:35,372 [INFO] CodeEngine:279 - Generated code: C:\Users\hamuc\STM32CubeIDE\workspace_1.13.0\HTSOR\MXTmpFiles\system.tmp
2023-09-08 01:26:35,393 [INFO] CodeEngine:311 - oldGeneratedFile, C:\Users\hamuc\STM32CubeIDE\workspace_1.13.0\HTSOR\Core\Inc\stm32f3xx_hal_conf.h_save
2023-09-08 01:26:35,463 [INFO] CodeEngine:335 - Generated code: C:\Users\hamuc\STM32CubeIDE\workspace_1.13.0\HTSOR\Core\Inc\stm32f3xx_hal_conf.h
2023-09-08 01:26:35,503 [INFO] CodeEngine:255 - oldGeneratedFile, C:\Users\hamuc\STM32CubeIDE\workspace_1.13.0\HTSOR\Core\Inc\main.h_save
2023-09-08 01:26:35,577 [INFO] CodeEngine:279 - Generated code: C:\Users\hamuc\STM32CubeIDE\workspace_1.13.0\HTSOR\Core\Inc\main.h
2023-09-08 01:26:35,593 [INFO] CodeEngine:255 - oldGeneratedFile, C:\Users\hamuc\STM32CubeIDE\workspace_1.13.0\HTSOR\Core\Src\main.c_save
2023-09-08 01:26:35,699 [INFO] CodeEngine:279 - Generated code: C:\Users\hamuc\STM32CubeIDE\workspace_1.13.0\HTSOR\Core\Src\main.c
2023-09-08 01:26:36,392 [INFO] ProjectBuilder:3064 - Time for Copy HAL[1] : 360mS.
2023-09-08 01:26:36,399 [INFO] ProjectBuilder:4404 - Project Generator version: 4.1.0
2023-09-08 01:26:36,555 [INFO] ConfigFileManager:1457 - The Die is : DIE438
2023-09-08 01:26:37,889 [INFO] ProjectBuilder:4626 - Time for Generating toolchain IDE Files: 1490mS.
2023-09-08 01:26:37,891 [INFO] ProjectBuilder:2935 - Time for Copy CMSIS : 1mS.
2023-09-08 01:26:37,900 [INFO] ProjectBuilder:2935 - Time for Copy CMSIS : 0mS.
2023-09-08 01:30:37,952 [ERROR] LogOutputStream:75 - [STDERR_REDIRECT] 
