2023-09-01 12:41:08,200 [INFO] UtilMem:75 - End SaveConfig() Used Memory: 367025200 Bytes (968884224)
2023-09-01 12:41:09,124 [INFO] UtilMem:75 - End SaveConfig() Used Memory: 403725360 Bytes (968884224)
2023-09-01 12:41:09,415 [INFO] UtilMem:75 - End SaveConfig() Used Memory: 513303600 Bytes (968884224)
2023-09-01 12:41:09,908 [INFO] BlockDiagram:2759 - set Specific Code input for plugin: SYS
2023-09-01 12:41:09,908 [INFO] BlockDiagram:2759 - set Specific Code input for plugin: RCC
2023-09-01 12:41:09,908 [INFO] BlockDiagram:2759 - set Specific Code input for plugin: LPUART
2023-09-01 12:41:09,908 [INFO] BlockDiagram:2759 - set Specific Code input for plugin: NVIC
2023-09-01 12:41:09,908 [INFO] BlockDiagram:2759 - set Specific Code input for plugin: DMA
2023-09-01 12:41:09,909 [INFO] BlockDiagram:2759 - set Specific Code input for plugin: GPIO
2023-09-01 12:41:09,911 [INFO] CodeGenerator:799 - code generatio: config db path: C:\ST\STM32CubeIDE_1.13.0\STM32CubeIDE\plugins\com.st.stm32cube.common.mx_6.9.1.202307191849\\db\
2023-09-01 12:41:10,182 [INFO] CodeEngine:255 - oldGeneratedFile, C:\Users\hamuc\STM32CubeIDE\workspace_1.13.0\uart\MXTmpFiles\license.tmp_save
2023-09-01 12:41:10,456 [INFO] CodeEngine:279 - Generated code: C:\Users\hamuc\STM32CubeIDE\workspace_1.13.0\uart\MXTmpFiles\license.tmp
2023-09-01 12:41:10,553 [INFO] CodeEngine:255 - oldGeneratedFile, C:\Users\hamuc\STM32CubeIDE\workspace_1.13.0\uart\MXTmpFiles\gpio.tmp_save
2023-09-01 12:41:10,664 [INFO] CodeEngine:279 - Generated code: C:\Users\hamuc\STM32CubeIDE\workspace_1.13.0\uart\MXTmpFiles\gpio.tmp
2023-09-01 12:41:10,825 [INFO] CodeEngine:255 - oldGeneratedFile, C:\Users\hamuc\STM32CubeIDE\workspace_1.13.0\uart\MXTmpFiles\dma.tmp_save
2023-09-01 12:41:10,896 [INFO] CodeEngine:279 - Generated code: C:\Users\hamuc\STM32CubeIDE\workspace_1.13.0\uart\MXTmpFiles\dma.tmp
2023-09-01 12:41:10,904 [INFO] CodeEngine:255 - oldGeneratedFile, C:\Users\hamuc\STM32CubeIDE\workspace_1.13.0\uart\MXTmpFiles\dma_GV.tmp_save
2023-09-01 12:41:10,971 [INFO] CodeEngine:279 - Generated code: C:\Users\hamuc\STM32CubeIDE\workspace_1.13.0\uart\MXTmpFiles\dma_GV.tmp
2023-09-01 12:41:10,996 [INFO] CodeEngine:255 - oldGeneratedFile, C:\Users\hamuc\STM32CubeIDE\workspace_1.13.0\uart\Core\Src\stm32g4xx_it.c_save
2023-09-01 12:41:11,119 [INFO] CodeEngine:279 - Generated code: C:\Users\hamuc\STM32CubeIDE\workspace_1.13.0\uart\Core\Src\stm32g4xx_it.c
2023-09-01 12:41:11,131 [INFO] CodeEngine:255 - oldGeneratedFile, C:\Users\hamuc\STM32CubeIDE\workspace_1.13.0\uart\Core\Inc\stm32g4xx_it.h_save
2023-09-01 12:41:11,207 [INFO] CodeEngine:279 - Generated code: C:\Users\hamuc\STM32CubeIDE\workspace_1.13.0\uart\Core\Inc\stm32g4xx_it.h
2023-09-01 12:41:11,230 [INFO] CodeEngine:255 - oldGeneratedFile, C:\Users\hamuc\STM32CubeIDE\workspace_1.13.0\uart\Core\Src\stm32g4xx_hal_msp.c_save
2023-09-01 12:41:11,349 [INFO] CodeEngine:279 - Generated code: C:\Users\hamuc\STM32CubeIDE\workspace_1.13.0\uart\Core\Src\stm32g4xx_hal_msp.c
2023-09-01 12:41:11,358 [INFO] CodeEngine:255 - oldGeneratedFile, C:\Users\hamuc\STM32CubeIDE\workspace_1.13.0\uart\MXTmpFiles\system.tmp_save
2023-09-01 12:41:11,422 [INFO] CodeEngine:279 - Generated code: C:\Users\hamuc\STM32CubeIDE\workspace_1.13.0\uart\MXTmpFiles\system.tmp
2023-09-01 12:41:11,441 [INFO] CodeEngine:311 - oldGeneratedFile, C:\Users\hamuc\STM32CubeIDE\workspace_1.13.0\uart\Core\Inc\stm32g4xx_hal_conf.h_save
2023-09-01 12:41:11,510 [INFO] CodeEngine:335 - Generated code: C:\Users\hamuc\STM32CubeIDE\workspace_1.13.0\uart\Core\Inc\stm32g4xx_hal_conf.h
2023-09-01 12:41:11,535 [WARN] IPConfigManager:2937 - Warning: the RefConfig RCC_CommonPeriphClockConfig is not available in your config.xml file
2023-09-01 12:41:11,552 [INFO] CodeEngine:255 - oldGeneratedFile, C:\Users\hamuc\STM32CubeIDE\workspace_1.13.0\uart\Core\Inc\main.h_save
2023-09-01 12:41:11,634 [INFO] CodeEngine:279 - Generated code: C:\Users\hamuc\STM32CubeIDE\workspace_1.13.0\uart\Core\Inc\main.h
2023-09-01 12:41:11,644 [INFO] CodeEngine:255 - oldGeneratedFile, C:\Users\hamuc\STM32CubeIDE\workspace_1.13.0\uart\Core\Src\main.c_save
2023-09-01 12:41:11,775 [INFO] CodeEngine:279 - Generated code: C:\Users\hamuc\STM32CubeIDE\workspace_1.13.0\uart\Core\Src\main.c
2023-09-01 12:41:12,592 [INFO] ProjectBuilder:3064 - Time for Copy HAL[1] : 315mS.
2023-09-01 12:41:12,600 [INFO] ProjectBuilder:4404 - Project Generator version: 4.1.0
2023-09-01 12:41:13,155 [INFO] ConfigFileManager:1457 - The Die is : DIE469
2023-09-01 12:41:13,166 [INFO] ApiDbMcu:507 - Load IP Config File for FATFS
2023-09-01 12:41:13,172 [INFO] ApiDbMcu:507 - Load IP Config File for FREERTOS
2023-09-01 12:41:13,183 [INFO] ApiDbMcu:507 - Load IP Config File for USBPD
2023-09-01 12:41:13,193 [INFO] ApiDbMcu:507 - Load IP Config File for USB_Device
