2023-07-16 19:51:33,360 [INFO] Activator:176 - 


2023-07-16 19:51:33,361 [INFO] Activator:177 - !SESSION log4j initialized
2023-07-16 19:51:36,770 [INFO] LogOutputStream:77 - [STDOUT_REDIRECT] 
2023-07-16 19:51:39,467 [INFO] ApplicationProperties:184 - Using Application install path: C:\ST\STM32CubeIDE_1.13.0\STM32CubeIDE\plugins\com.st.stm32cube.common.mx_6.9.0.202307051724
2023-07-16 19:51:39,483 [INFO] DbMcusXml:78 - Set database path to: C:\ST\STM32CubeIDE_1.13.0\STM32CubeIDE\plugins\com.st.stm32cube.common.mx_6.9.0.202307051724\\db\/mcu/
2023-07-16 19:51:39,483 [INFO] ApiDb:274 - Set plugin database path to: C:\ST\STM32CubeIDE_1.13.0\STM32CubeIDE\plugins\com.st.stm32cube.common.mx_6.9.0.202307051724\\db\/plugins/boardmanager/
2023-07-16 19:51:39,484 [WARN] ApiDb:259 - Overriding images path with different value:  => C:\ST\STM32CubeIDE_1.13.0\STM32CubeIDE\plugins\com.st.stm32cube.common.mx_6.9.0.202307051724\\db\/plugins/mcufinder/images/
2023-07-16 19:51:39,502 [INFO] ApiDb:250 - Set database path to: C:\Users\hamuc\.stmcufinder\plugins\mcufinder//mcu/
2023-07-16 19:51:39,504 [INFO] DbMcusAds:125 - Set database path to: C:\Users\hamuc\.stmcufinder\plugins\mcufinder//mcu/
2023-07-16 19:51:39,506 [INFO] CrossReferenceDbSqlite:203 - Set database path to: C:\Users\hamuc\.stmcufinder\plugins\mcufinder//mcu/cs/
2023-07-16 19:51:39,615 [INFO] RulesReader:64 - Compatibility file has been processed (293 Rules)
2023-07-16 19:51:39,822 [INFO] DbMcusXml:78 - Set database path to: C:\ST\STM32CubeIDE_1.13.0\STM32CubeIDE\plugins\com.st.stm32cube.common.mx_6.9.0.202307051724\\db\/mcu/
2023-07-16 19:51:39,822 [INFO] ApiDb:274 - Set plugin database path to: C:\ST\STM32CubeIDE_1.13.0\STM32CubeIDE\plugins\com.st.stm32cube.common.mx_6.9.0.202307051724\\db\/plugins/boardmanager/
2023-07-16 19:51:39,822 [INFO] ApiDb:261 - Set plugin images path to: C:\ST\STM32CubeIDE_1.13.0\STM32CubeIDE\plugins\com.st.stm32cube.common.mx_6.9.0.202307051724\\db\/plugins/mcufinder/images/
2023-07-16 19:51:39,822 [WARN] DbFile:41 - Overriding database path with different value: C:\Users\hamuc\.stmcufinder\plugins\mcufinder/ => C:\Users\hamuc\.stmcufinder\plugins\mcufinder
2023-07-16 19:51:39,822 [INFO] ApiDb:250 - Set database path to: C:\Users\hamuc\.stmcufinder\plugins\mcufinder//mcu/
2023-07-16 19:51:39,823 [WARN] DbFile:41 - Overriding database path with different value: C:\Users\hamuc\.stmcufinder\plugins\mcufinder/ => C:\Users\hamuc\.stmcufinder\plugins\mcufinder
2023-07-16 19:51:39,823 [INFO] DbMcusAds:125 - Set database path to: C:\Users\hamuc\.stmcufinder\plugins\mcufinder//mcu/
2023-07-16 19:51:39,823 [WARN] DbFile:41 - Overriding database path with different value: C:\Users\hamuc\.stmcufinder\plugins\mcufinder/ => C:\Users\hamuc\.stmcufinder\plugins\mcufinder
2023-07-16 19:51:39,823 [WARN] DbFile:41 - Overriding database path with different value: C:\Users\hamuc\.stmcufinder\plugins\mcufinder/ => C:\Users\hamuc\.stmcufinder\plugins\mcufinder
2023-07-16 19:51:39,823 [INFO] CrossReferenceDbSqlite:203 - Set database path to: C:\Users\hamuc\.stmcufinder\plugins\mcufinder//mcu/cs/
2023-07-16 19:51:39,964 [INFO] MainPanel:262 - HeapMemory: 268435456
2023-07-16 19:51:40,042 [INFO] DbMcusXml:78 - Set database path to: C:\ST\STM32CubeIDE_1.13.0\STM32CubeIDE\plugins\com.st.stm32cube.common.mx_6.9.0.202307051724\\db\/mcu/
2023-07-16 19:51:40,042 [INFO] ApiDb:274 - Set plugin database path to: C:\ST\STM32CubeIDE_1.13.0\STM32CubeIDE\plugins\com.st.stm32cube.common.mx_6.9.0.202307051724\\db\/plugins/boardmanager/
2023-07-16 19:51:40,042 [INFO] ApiDb:261 - Set plugin images path to: C:\ST\STM32CubeIDE_1.13.0\STM32CubeIDE\plugins\com.st.stm32cube.common.mx_6.9.0.202307051724\\db\/plugins/mcufinder/images/
2023-07-16 19:51:40,043 [WARN] DbFile:41 - Overriding database path with different value: C:\Users\hamuc\.stmcufinder\plugins\mcufinder/ => C:\Users\hamuc\.stmcufinder\plugins\mcufinder
2023-07-16 19:51:40,043 [INFO] ApiDb:250 - Set database path to: C:\Users\hamuc\.stmcufinder\plugins\mcufinder//mcu/
2023-07-16 19:51:40,043 [WARN] DbFile:41 - Overriding database path with different value: C:\Users\hamuc\.stmcufinder\plugins\mcufinder/ => C:\Users\hamuc\.stmcufinder\plugins\mcufinder
2023-07-16 19:51:40,043 [INFO] DbMcusAds:125 - Set database path to: C:\Users\hamuc\.stmcufinder\plugins\mcufinder//mcu/
2023-07-16 19:51:40,043 [WARN] DbFile:41 - Overriding database path with different value: C:\Users\hamuc\.stmcufinder\plugins\mcufinder/ => C:\Users\hamuc\.stmcufinder\plugins\mcufinder
2023-07-16 19:51:40,043 [WARN] DbFile:41 - Overriding database path with different value: C:\Users\hamuc\.stmcufinder\plugins\mcufinder/ => C:\Users\hamuc\.stmcufinder\plugins\mcufinder
2023-07-16 19:51:40,043 [INFO] CrossReferenceDbSqlite:203 - Set database path to: C:\Users\hamuc\.stmcufinder\plugins\mcufinder//mcu/cs/
2023-07-16 19:51:40,076 [INFO] ApplicationProperties:184 - Using Application install path: C:\ST\STM32CubeIDE_1.13.0\STM32CubeIDE\plugins\com.st.stm32cube.common.mx_6.9.0.202307051724
2023-07-16 19:51:40,077 [INFO] PluginManage:196 - Search for loadable plugins [exclusion list=, ]
2023-07-16 19:51:40,078 [INFO] PluginManage:310 - Check plugin analytics
2023-07-16 19:51:40,233 [INFO] AnalyticsPlugin:253 - Accepted Software Licenses: STM32CubeMX.6.8.0
2023-07-16 19:51:40,233 [INFO] AnalyticsPlugin:255 - Accepted CMSIS Pack Licenses: 
2023-07-16 19:51:40,233 [INFO] AnalyticsPlugin:257 - Accepted Firmware Licenses: 
2023-07-16 19:51:40,236 [INFO] PluginManage:359 - Loaded plugin analytics (category:tool,tabindex:-1)
2023-07-16 19:51:40,236 [INFO] PluginManage:310 - Check plugin cadmodel
2023-07-16 19:51:40,250 [INFO] CADModel:105 - Init CAD model plugin
2023-07-16 19:51:40,251 [INFO] PluginManage:359 - Loaded plugin cadmodel (category:power,tabindex:5)
2023-07-16 19:51:40,251 [INFO] PluginManage:310 - Check plugin clock
2023-07-16 19:51:40,269 [INFO] PluginManage:359 - Loaded plugin clock (category:base,tabindex:2)
2023-07-16 19:51:40,269 [INFO] PluginManage:310 - Check plugin ddr
2023-07-16 19:51:40,272 [INFO] PluginManage:359 - Loaded plugin ddr (category:tool,tabindex:6)
2023-07-16 19:51:40,272 [INFO] PluginManage:310 - Check plugin filemanager
2023-07-16 19:51:40,574 [INFO] PluginManage:359 - Loaded plugin filemanager (category:base,tabindex:10)
2023-07-16 19:51:40,574 [INFO] PluginManage:310 - Check plugin ipmanager
2023-07-16 19:51:40,599 [INFO] PluginManage:359 - Loaded plugin ipmanager (category:base,tabindex:5)
2023-07-16 19:51:40,600 [INFO] PluginManage:310 - Check plugin lpbam
2023-07-16 19:51:40,617 [INFO] PluginManage:359 - Loaded plugin lpbam (category:base,tabindex:0)
2023-07-16 19:51:40,618 [INFO] PluginManage:310 - Check plugin memorymap
2023-07-16 19:51:40,638 [INFO] PluginManage:359 - Loaded plugin memorymap (category:base,tabindex:4)
2023-07-16 19:51:40,638 [INFO] PluginManage:310 - Check plugin pinoutandconfiguration
2023-07-16 19:51:40,654 [INFO] PluginManage:359 - Loaded plugin pinoutandconfiguration (category:base,tabindex:1)
2023-07-16 19:51:40,654 [INFO] PluginManage:310 - Check plugin pinoutconfig
2023-07-16 19:51:40,775 [WARN] SupportedApi:132 - Cannot load RTOS API schema: s4s-elt-must-match.1: The content of 'definitions' must match (annotation?, (simpleType | complexType)?, (unique | key | keyref)*)). A problem was found starting at: attribute.
2023-07-16 19:51:40,902 [INFO] PluginManage:359 - Loaded plugin pinoutconfig (category:base,tabindex:0)
2023-07-16 19:51:40,902 [INFO] PluginManage:310 - Check plugin power
2023-07-16 19:51:40,921 [INFO] PluginManage:359 - Loaded plugin power (category:power,tabindex:4)
2023-07-16 19:51:40,921 [INFO] PluginManage:310 - Check plugin projectmanager
2023-07-16 19:51:40,933 [INFO] PluginManage:359 - Loaded plugin projectmanager (category:projectmanager,tabindex:3)
2023-07-16 19:51:40,933 [INFO] PluginManage:310 - Check plugin thirdparty
2023-07-16 19:51:41,184 [INFO] PluginManage:359 - Loaded plugin thirdparty (category:base,tabindex:-1)
2023-07-16 19:51:41,184 [INFO] PluginManage:310 - Check plugin tools
2023-07-16 19:51:41,184 [WARN] IntegrityCheckThread:84 - waiting for thirdparty lock release [integrity check]
2023-07-16 19:51:41,184 [INFO] IntegrityCheckThread:86 - entering critical section [integrity check]
2023-07-16 19:51:41,184 [INFO] ThirdPartyUpdaterWithRetryManager:70 - Updater plugin not ready yet. [1/15]
2023-07-16 19:51:41,212 [INFO] PluginManage:359 - Loaded plugin tools (category:base,tabindex:7)
2023-07-16 19:51:41,213 [INFO] PluginManage:310 - Check plugin tutovideos
2023-07-16 19:51:41,363 [INFO] PluginManage:359 - Loaded plugin tutovideos (category:base,tabindex:-1)
2023-07-16 19:51:41,363 [INFO] PluginManage:310 - Check plugin updater
2023-07-16 19:51:41,372 [INFO] PluginManage:359 - Loaded plugin updater (category:base,tabindex:12)
2023-07-16 19:51:41,372 [INFO] PluginManage:310 - Check plugin userauth
2023-07-16 19:51:41,377 [INFO] UserAuth:113 - Init User Auth plugin
2023-07-16 19:51:41,377 [INFO] PluginManage:359 - Loaded plugin userauth (category:base,tabindex:14)
2023-07-16 19:51:41,377 [INFO] PluginManage:283 - PluginManage : Loaded plugins [17]
2023-07-16 19:51:41,715 [INFO] PinOutPanel:1499 - setPackage(No Configuration,No Configuration)
2023-07-16 19:51:41,988 [INFO] CADModel:165 - CPN selected for project level
2023-07-16 19:51:41,989 [INFO] CADModel:114 - Register for checkConnection events
2023-07-16 19:51:42,011 [INFO] IPUIPlugin:80 - create IPUIPlugin
2023-07-16 19:51:42,012 [INFO] PluginManager:220 - loadIPPluginJar : add adc
2023-07-16 19:51:42,040 [INFO] IPUIPlugin:80 - create IPUIPlugin
2023-07-16 19:51:42,040 [INFO] PluginManager:220 - loadIPPluginJar : add aes
2023-07-16 19:51:42,072 [INFO] IPUIPlugin:80 - create IPUIPlugin
2023-07-16 19:51:42,072 [INFO] PluginManager:220 - loadIPPluginJar : add can
2023-07-16 19:51:42,090 [INFO] IPUIPlugin:80 - create IPUIPlugin
2023-07-16 19:51:42,091 [INFO] PluginManager:220 - loadIPPluginJar : add comp
2023-07-16 19:51:42,116 [INFO] IPUIPlugin:80 - create IPUIPlugin
2023-07-16 19:51:42,116 [INFO] PluginManager:220 - loadIPPluginJar : add cryp
2023-07-16 19:51:42,140 [INFO] IPUIPlugin:80 - create IPUIPlugin
2023-07-16 19:51:42,140 [INFO] PluginManager:220 - loadIPPluginJar : add dfsdm
2023-07-16 19:51:42,153 [INFO] IPUIPlugin:80 - create IPUIPlugin
2023-07-16 19:51:42,154 [INFO] PluginManager:220 - loadIPPluginJar : add dma
2023-07-16 19:51:42,188 [INFO] IPUIPlugin:80 - create IPUIPlugin
2023-07-16 19:51:42,188 [INFO] PluginManager:220 - loadIPPluginJar : add dma3
2023-07-16 19:51:42,206 [INFO] IPUIPlugin:80 - create IPUIPlugin
2023-07-16 19:51:42,206 [INFO] PluginManager:220 - loadIPPluginJar : add fatfs
2023-07-16 19:51:42,243 [INFO] IPUIPlugin:80 - create IPUIPlugin
2023-07-16 19:51:42,243 [INFO] PluginManager:220 - loadIPPluginJar : add fmc
2023-07-16 19:51:42,255 [INFO] IPUIPlugin:80 - create IPUIPlugin
2023-07-16 19:51:42,255 [INFO] PluginManager:220 - loadIPPluginJar : add freertos
2023-07-16 19:51:42,273 [INFO] IPUIPlugin:80 - create IPUIPlugin
2023-07-16 19:51:42,273 [INFO] PluginManager:220 - loadIPPluginJar : add genericplugin
2023-07-16 19:51:42,341 [INFO] IPUIPlugin:80 - create IPUIPlugin
2023-07-16 19:51:42,341 [INFO] PluginManager:220 - loadIPPluginJar : add gfxmmu
2023-07-16 19:51:42,439 [INFO] IPUIPlugin:80 - create IPUIPlugin
2023-07-16 19:51:42,439 [INFO] PluginManager:220 - loadIPPluginJar : add gic
2023-07-16 19:51:42,450 [INFO] IPUIPlugin:80 - create IPUIPlugin
2023-07-16 19:51:42,450 [INFO] PluginManager:220 - loadIPPluginJar : add gpio
2023-07-16 19:51:42,518 [INFO] IPUIPlugin:80 - create IPUIPlugin
2023-07-16 19:51:42,519 [INFO] PluginManager:220 - loadIPPluginJar : add gtzc
2023-07-16 19:51:42,546 [INFO] IPUIPlugin:80 - create IPUIPlugin
2023-07-16 19:51:42,546 [INFO] PluginManager:220 - loadIPPluginJar : add hash
2023-07-16 19:51:42,588 [INFO] IPUIPlugin:80 - create IPUIPlugin
2023-07-16 19:51:42,588 [INFO] PluginManager:220 - loadIPPluginJar : add i2c
2023-07-16 19:51:42,616 [INFO] IPUIPlugin:80 - create IPUIPlugin
2023-07-16 19:51:42,616 [INFO] PluginManager:220 - loadIPPluginJar : add i2s
2023-07-16 19:51:42,647 [INFO] IPUIPlugin:80 - create IPUIPlugin
2023-07-16 19:51:42,647 [INFO] PluginManager:220 - loadIPPluginJar : add i3c
2023-07-16 19:51:42,723 [INFO] IPUIPlugin:80 - create IPUIPlugin
2023-07-16 19:51:42,723 [INFO] PluginManager:220 - loadIPPluginJar : add ipddr
2023-07-16 19:51:42,788 [INFO] IPUIPlugin:80 - create IPUIPlugin
2023-07-16 19:51:42,789 [INFO] PluginManager:220 - loadIPPluginJar : add linkedlist
2023-07-16 19:51:42,815 [INFO] IPUIPlugin:80 - create IPUIPlugin
2023-07-16 19:51:42,815 [INFO] PluginManager:220 - loadIPPluginJar : add lorawan
2023-07-16 19:51:42,846 [INFO] IPUIPlugin:80 - create IPUIPlugin
2023-07-16 19:51:42,846 [INFO] PluginManager:220 - loadIPPluginJar : add ltdc
2023-07-16 19:51:42,859 [INFO] IPUIPlugin:80 - create IPUIPlugin
2023-07-16 19:51:42,859 [INFO] PluginManager:220 - loadIPPluginJar : add mdma
2023-07-16 19:51:42,871 [INFO] IPUIPlugin:80 - create IPUIPlugin
2023-07-16 19:51:42,871 [INFO] PluginManager:220 - loadIPPluginJar : add nvic
2023-07-16 19:51:42,904 [INFO] IPUIPlugin:80 - create IPUIPlugin
2023-07-16 19:51:42,904 [INFO] PluginManager:220 - loadIPPluginJar : add opamp
2023-07-16 19:51:42,960 [INFO] IPUIPlugin:80 - create IPUIPlugin
2023-07-16 19:51:42,960 [INFO] PluginManager:220 - loadIPPluginJar : add openamp
2023-07-16 19:51:42,996 [INFO] IPUIPlugin:80 - create IPUIPlugin
2023-07-16 19:51:42,996 [INFO] PluginManager:220 - loadIPPluginJar : add pdm2pcm
2023-07-16 19:51:43,010 [INFO] IPUIPlugin:80 - create IPUIPlugin
2023-07-16 19:51:43,013 [INFO] PluginManager:220 - loadIPPluginJar : add plateformsettings
2023-07-16 19:51:43,032 [INFO] IPUIPlugin:80 - create IPUIPlugin
2023-07-16 19:51:43,032 [INFO] PluginManager:220 - loadIPPluginJar : add quadspi
2023-07-16 19:51:43,043 [INFO] IPUIPlugin:80 - create IPUIPlugin
2023-07-16 19:51:43,043 [INFO] PluginManager:220 - loadIPPluginJar : add resmgrutility
2023-07-16 19:51:43,080 [INFO] IPUIPlugin:80 - create IPUIPlugin
2023-07-16 19:51:43,080 [INFO] PluginManager:220 - loadIPPluginJar : add sai
2023-07-16 19:51:43,108 [INFO] IPUIPlugin:80 - create IPUIPlugin
2023-07-16 19:51:43,108 [INFO] PluginManager:220 - loadIPPluginJar : add spi
2023-07-16 19:51:43,150 [INFO] IPUIPlugin:80 - create IPUIPlugin
2023-07-16 19:51:43,151 [INFO] PluginManager:220 - loadIPPluginJar : add stm32_wpan
2023-07-16 19:51:43,169 [INFO] IPUIPlugin:80 - create IPUIPlugin
2023-07-16 19:51:43,170 [INFO] PluginManager:220 - loadIPPluginJar : add tim
2023-07-16 19:51:43,215 [INFO] IPUIPlugin:80 - create IPUIPlugin
2023-07-16 19:51:43,215 [INFO] PluginManager:220 - loadIPPluginJar : add touchsensing
2023-07-16 19:51:43,234 [INFO] IPUIPlugin:80 - create IPUIPlugin
2023-07-16 19:51:43,234 [INFO] PluginManager:220 - loadIPPluginJar : add tracer_emb
2023-07-16 19:51:43,254 [INFO] IPUIPlugin:80 - create IPUIPlugin
2023-07-16 19:51:43,254 [INFO] PluginManager:220 - loadIPPluginJar : add ts
2023-07-16 19:51:43,273 [INFO] IPUIPlugin:80 - create IPUIPlugin
2023-07-16 19:51:43,273 [INFO] PluginManager:220 - loadIPPluginJar : add tsc
2023-07-16 19:51:43,294 [INFO] IPUIPlugin:80 - create IPUIPlugin
2023-07-16 19:51:43,294 [INFO] PluginManager:220 - loadIPPluginJar : add ucpd
2023-07-16 19:51:43,329 [INFO] IPUIPlugin:80 - create IPUIPlugin
2023-07-16 19:51:43,330 [INFO] PluginManager:220 - loadIPPluginJar : add usart
2023-07-16 19:51:43,364 [INFO] IPUIPlugin:80 - create IPUIPlugin
2023-07-16 19:51:43,364 [INFO] PluginManager:220 - loadIPPluginJar : add usbx
2023-07-16 19:51:43,520 [INFO] CADModel:165 - CPN selected for project level
2023-07-16 19:51:43,520 [INFO] CADModel:114 - Register for checkConnection events
2023-07-16 19:51:43,521 [FATAL] Updater:308 - Updater called before beeing initialized
2023-07-16 19:51:43,521 [ERROR] CADModel:125 - Updater not yet initialized, retry later 
2023-07-16 19:51:43,643 [INFO] CADModel:165 - CPN selected for project level
2023-07-16 19:51:43,643 [INFO] CADModel:114 - Register for checkConnection events
2023-07-16 19:51:43,643 [FATAL] Updater:308 - Updater called before beeing initialized
2023-07-16 19:51:43,643 [ERROR] CADModel:125 - Updater not yet initialized, retry later 
2023-07-16 19:51:43,646 [FATAL] Updater:308 - Updater called before beeing initialized
2023-07-16 19:51:43,800 [FATAL] Updater:308 - Updater called before beeing initialized
2023-07-16 19:51:43,804 [INFO] DbMcusAds:53 - JSON generation date=Tue Mar 07 17:50:55 JST 2023 (1678179055335)
2023-07-16 19:51:43,804 [FATAL] Updater:308 - Updater called before beeing initialized
2023-07-16 19:51:43,883 [WARN] DetailPanel:346 - Failed to get advertising image, set to default
2023-07-16 19:51:44,029 [FATAL] Updater:308 - Updater called before beeing initialized
2023-07-16 19:51:44,031 [FATAL] Updater:308 - Updater called before beeing initialized
2023-07-16 19:51:44,031 [FATAL] Updater:308 - Updater called before beeing initialized
2023-07-16 19:51:44,031 [WARN] DetailPanel:346 - Failed to get advertising image, set to default
2023-07-16 19:51:44,032 [FATAL] Updater:308 - Updater called before beeing initialized
2023-07-16 19:51:44,085 [ERROR] Updater:1120 - MainUpdater not yet initialized. External WinMGr cannot be set.
2023-07-16 19:51:44,093 [INFO] Updater:1056 - Updater Version found : 6.9.0
2023-07-16 19:51:44,105 [INFO] ApplicationProperties:184 - Using Application install path: C:\ST\STM32CubeIDE_1.13.0\STM32CubeIDE\plugins\com.st.stm32cube.common.mx_6.9.0.202307051724
2023-07-16 19:51:44,177 [INFO] MainUpdater:521 - Copy updater definitions from MX database
2023-07-16 19:51:44,186 [INFO] ThirdPartyUpdaterWithRetryManager:70 - Updater plugin not ready yet. [2/15]
2023-07-16 19:51:44,242 [INFO] MainUpdater:2868 - connection check result : 10
2023-07-16 19:51:44,243 [INFO] MainUpdater:3562 - Updater definition file requires update
2023-07-16 19:51:44,244 [INFO] MainUpdater:285 - Updater Check For Update Now.
2023-07-16 19:51:44,244 [INFO] MicroXplorer:498 - Change Database Version : DB.6.0.90
2023-07-16 19:51:44,261 [INFO] McuFinderGlobals:63 - Set McuFinder mode to 2 (CubeIDE integrated)
2023-07-16 19:51:44,261 [INFO] UserAuth:179 - activating auth plugin
2023-07-16 19:51:44,263 [INFO] UserAuth:393 - Internet connection configuration mode: 1
2023-07-16 19:51:44,281 [INFO] JxBrowserEngine:151 - Initiate JxBrowser Engine with user profile folder
2023-07-16 19:51:44,290 [INFO] ServerAccessManage:473 - Download File updaters.zip
2023-07-16 19:51:44,403 [INFO] FileExtend:240 - Unzip File : updaters.zip
2023-07-16 19:51:44,403 [INFO] FileExtend:255 - Standard Zip Deflate
2023-07-16 19:51:46,438 [INFO] ServerAccessManage:473 - Download File PacksControlFlags.xml
2023-07-16 19:51:46,537 [INFO] ServerAccessManage:473 - Download File cubemx.pidx
2023-07-16 19:51:46,652 [INFO] LoadServerUpdatesThread:373 - End of LoadServerUpdate Thread
2023-07-16 19:51:46,831 [INFO] CheckServerUpdateThread:120 - End of CheckServer Thread
2023-07-16 19:51:47,471 [WARN] PackLoader:240 - Cannot read IP mode file for STMicroelectronics.X-CUBE-SMBUS.2.1.0
2023-07-16 19:51:47,527 [WARN] PackLoader:240 - Cannot read IP mode file for STMicroelectronics.X-CUBE-AZRTOS-F7.1.1.0
2023-07-16 19:51:47,547 [ERROR] RealEvaluatedCondition:428 - Found unsupported composite condition: GROUP='STM32_MetaDataManager' CLASS='Data Exchange'
2023-07-16 19:51:47,548 [ERROR] RealEvaluatedCondition:428 - Found unsupported composite condition: GROUP='STM32_MetaDataManager' CLASS='Data Exchange'
2023-07-16 19:51:47,550 [WARN] PackLoader:240 - Cannot read IP mode file for STMicroelectronics.FP-SNS-MOTENV1.4.3.0
2023-07-16 19:51:47,568 [WARN] PackLoader:240 - Cannot read IP mode file for STMicroelectronics.FP-SNS-MOTENV1.4.3.2
2023-07-16 19:51:47,587 [WARN] PackLoader:240 - Cannot read IP mode file for STMicroelectronics.FP-SNS-FLIGHT1.5.0.0
2023-07-16 19:51:47,601 [WARN] PackLoader:240 - Cannot read IP mode file for STMicroelectronics.FP-SNS-FLIGHT1.5.0.1
2023-07-16 19:51:47,620 [WARN] PackLoader:240 - Cannot read IP mode file for STMicroelectronics.X-CUBE-BLE1.6.2.4
2023-07-16 19:51:47,644 [WARN] PackLoader:240 - Cannot read IP mode file for STMicroelectronics.X-CUBE-DISPLAY.3.0.0
2023-07-16 19:51:47,672 [WARN] PackLoader:240 - Cannot read IP mode file for STMicroelectronics.X-CUBE-TOUCHGFX.4.22.0
2023-07-16 19:51:47,696 [INFO] LogOutputStream:77 - [STDOUT_REDIRECT] 1 : Invalid condition id : UX_CORESTACK_Condition cause : null
2023-07-16 19:51:47,697 [INFO] LogOutputStream:77 - [STDOUT_REDIRECT] 1 : Invalid condition id : UX_CORESTACK_Condition cause : null
2023-07-16 19:51:47,698 [INFO] LogOutputStream:77 - [STDOUT_REDIRECT] 1 : Invalid condition id : UX_CORESTACK_Condition cause : null
2023-07-16 19:51:47,699 [INFO] LogOutputStream:77 - [STDOUT_REDIRECT] 1 : Invalid condition id : UX_CORESTACK_Condition cause : null
2023-07-16 19:51:47,701 [INFO] LogOutputStream:77 - [STDOUT_REDIRECT] 1 : Invalid condition id : UX_CORESTACK_Condition cause : null
2023-07-16 19:51:47,707 [WARN] PackLoader:240 - Cannot read IP mode file for STMicroelectronics.X-CUBE-AZRTOS-WL.2.0.0
2023-07-16 19:51:47,729 [WARN] PackLoader:240 - Cannot read IP mode file for WES.I-CUBE-Cesium.1.3.0
2023-07-16 19:51:47,747 [WARN] PackLoader:240 - Cannot read IP mode file for STMicroelectronics.X-CUBE-BLE2.3.3.0
2023-07-16 19:51:47,761 [WARN] PackLoader:240 - Cannot read IP mode file for STMicroelectronics.X-CUBE-TOUCHGFX.4.21.3
2023-07-16 19:51:47,776 [WARN] PackLoader:240 - Cannot read IP mode file for STMicroelectronics.X-CUBE-ALGOBUILD.1.3.0
2023-07-16 19:51:47,807 [WARN] PackLoader:240 - Cannot read IP mode file for STMicroelectronics.X-CUBE-AZRTOS-G0.1.1.0
2023-07-16 19:51:47,828 [WARN] PackLoader:240 - Cannot read IP mode file for STMicroelectronics.X-CUBE-NFC4.3.0.0
2023-07-16 19:51:47,845 [WARN] PackLoader:240 - Cannot read IP mode file for STMicroelectronics.FP-ATR-SIGFOX1.3.2.0
2023-07-16 19:51:47,945 [WARN] PackLoader:240 - Cannot read IP mode file for STMicroelectronics.X-CUBE-MEMS1.9.5.0
2023-07-16 19:51:48,145 [WARN] PackLoader:240 - Cannot read IP mode file for SEGGER.I-CUBE-embOS.1.3.1
2023-07-16 19:51:48,204 [WARN] PackLoader:240 - Cannot read IP mode file for STMicroelectronics.X-CUBE-GNSS1.6.0.0
2023-07-16 19:51:48,237 [WARN] PackLoader:240 - Cannot read IP mode file for STMicroelectronics.X-CUBE-AZRTOS-F4.1.1.0
2023-07-16 19:51:48,255 [WARN] PackLoader:240 - Cannot read IP mode file for wolfSSL.I-CUBE-wolfSSL.5.6.0
2023-07-16 19:51:48,297 [WARN] PackLoader:240 - Cannot read IP mode file for STMicroelectronics.X-CUBE-MEMS1.9.6.0
2023-07-16 19:51:48,399 [WARN] PackLoader:240 - Cannot read IP mode file for emotas.I-CUBE-CANOPEN.1.1.3
2023-07-16 19:51:48,416 [WARN] PackLoader:240 - Cannot read IP mode file for STMicroelectronics.X-CUBE-BLEMGR.2.0.0
2023-07-16 19:51:48,442 [WARN] ConditionMgr:438 - getConditionDescription Invalid condition id : UX DEVICE CLASS RTOS Condition cause : null
2023-07-16 19:51:48,442 [WARN] ConditionMgr:438 - getConditionDescription Invalid condition id : UX DEVICE CLASS RTOS Condition cause : null
2023-07-16 19:51:48,444 [WARN] PackLoader:240 - Cannot read IP mode file for STMicroelectronics.X-CUBE-AZRTOS-H7.3.1.0
2023-07-16 19:51:48,445 [WARN] ConditionMgr:1039 - genDependencies : Invalid condition id : UX DEVICE CLASS RTOS Condition cause : null
2023-07-16 19:51:48,445 [WARN] ConditionMgr:1039 - genDependencies : Invalid condition id : UX DEVICE CLASS RTOS Condition cause : null
2023-07-16 19:51:48,446 [WARN] ConditionMgr:1039 - genDependencies : Invalid condition id : UX DEVICE CLASS RTOS Condition cause : null
2023-07-16 19:51:48,446 [WARN] ConditionMgr:1039 - genDependencies : Invalid condition id : UX DEVICE CLASS RTOS Condition cause : null
2023-07-16 19:51:48,446 [WARN] ConditionMgr:1039 - genDependencies : Invalid condition id : UX DEVICE CLASS RTOS Condition cause : null
2023-07-16 19:51:48,459 [WARN] PackLoader:240 - Cannot read IP mode file for STMicroelectronics.X-CUBE-NFC7.1.0.1
2023-07-16 19:51:48,471 [WARN] PackLoader:240 - Cannot read IP mode file for STMicroelectronics.X-CUBE-NFC7.1.0.0
2023-07-16 19:51:48,483 [WARN] PackLoader:240 - Cannot read IP mode file for STMicroelectronics.X-CUBE-EEPRMA1.4.1.0
2023-07-16 19:51:48,511 [WARN] ConditionMgr:438 - getConditionDescription Invalid condition id : LAN8742 Phy interface Condition cause : null
2023-07-16 19:51:48,512 [WARN] PackLoader:240 - Cannot read IP mode file for STMicroelectronics.X-CUBE-AZRTOS-L4.2.0.0
2023-07-16 19:51:48,513 [WARN] ConditionMgr:1039 - genDependencies : Invalid condition id : LAN8742 Phy interface Condition cause : null
2023-07-16 19:51:48,513 [WARN] ConditionMgr:1039 - genDependencies : Invalid condition id : LAN8742 Phy interface Condition cause : null
2023-07-16 19:51:48,513 [WARN] ConditionMgr:1039 - genDependencies : Invalid condition id : LAN8742 Phy interface Condition cause : null
2023-07-16 19:51:48,529 [WARN] PackLoader:240 - Cannot read IP mode file for STMicroelectronics.X-CUBE-SFXS2LP1.4.0.0
2023-07-16 19:51:48,556 [WARN] PackLoader:240 - Cannot read IP mode file for STMicroelectronics.X-CUBE-AZRTOS-H7.3.0.0
2023-07-16 19:51:48,571 [WARN] PackLoader:240 - Cannot read IP mode file for STMicroelectronics.X-CUBE-ISPU.1.1.0
2023-07-16 19:51:48,587 [WARN] PackLoader:240 - Cannot read IP mode file for RoweBots.I-CUBE-UNISONRTOS.5.5.0-4
2023-07-16 19:51:48,603 [WARN] PackLoader:240 - Cannot read IP mode file for STMicroelectronics.X-CUBE-AI.8.0.0
2023-07-16 19:51:48,618 [WARN] PackLoader:240 - Cannot read IP mode file for STMicroelectronics.X-CUBE-FREERTOS.1.0.0
2023-07-16 19:51:48,633 [WARN] PackLoader:240 - Cannot read IP mode file for STMicroelectronics.X-CUBE-FREERTOS.1.0.1
2023-07-16 19:51:48,660 [WARN] PackLoader:240 - Cannot read IP mode file for STMicroelectronics.X-CUBE-AZRTOS-L5.1.1.0
2023-07-16 19:51:48,676 [WARN] PackLoader:240 - Cannot read IP mode file for STMicroelectronics.X-CUBE-AI.8.0.1
2023-07-16 19:51:48,695 [WARN] PackLoader:240 - Cannot read IP mode file for STMicroelectronics.X-CUBE-SUBG2.5.0.0
2023-07-16 19:51:48,724 [WARN] PackLoader:240 - Cannot read IP mode file for STMicroelectronics.X-CUBE-AZRTOS-G4.2.0.0
2023-07-16 19:51:48,744 [WARN] PackLoader:240 - Cannot read IP mode file for STMicroelectronics.X-CUBE-TOF1.3.3.0
2023-07-16 19:51:48,768 [WARN] PackLoader:240 - Cannot read IP mode file for STMicroelectronics.FP-ATR-ASTRA1.1.1.1
2023-07-16 19:51:48,798 [WARN] PackLoader:240 - Cannot read IP mode file for STMicroelectronics.X-CUBE-AZRTOS-G4.1.0.0
2023-07-16 19:51:48,829 [WARN] PackLoader:240 - Cannot read IP mode file for STMicroelectronics.X-CUBE-AZRTOS-L4.1.0.0
2023-07-16 19:51:48,855 [WARN] PackLoader:240 - Cannot read IP mode file for STMicroelectronics.X-CUBE-AZRTOS-WL.1.0.0
2023-07-16 19:51:48,874 [WARN] PackLoader:240 - Cannot read IP mode file for portGmbH.I-Cube-SoM-uGOAL.1.1.0
2023-07-16 19:51:48,890 [WARN] PackLoader:240 - Cannot read IP mode file for STMicroelectronics.X-CUBE-ALS.1.0.1
2023-07-16 19:51:48,913 [WARN] PackLoader:240 - Cannot read IP mode file for STMicroelectronics.X-CUBE-AZRTOS-WB.1.1.0
2023-07-16 19:51:48,925 [WARN] PackLoader:240 - Cannot read IP mode file for STMicroelectronics.FP-ATR-ASTRA1.2.0.0
2023-07-16 19:51:48,926 [INFO] ThirdParty:978 - Integrity check success = true
2023-07-16 19:51:48,926 [INFO] IntegrityCheckThread:100 - exiting critical section [integrity check]
2023-07-16 19:51:48,926 [INFO] IntegrityCheckThread:103 - End integrity checks thread
2023-07-16 19:51:49,754 [INFO] WebApp:157 - Instantiating new browser for Auth
2023-07-16 19:51:50,332 [INFO] WebApp:753 - Register for checkConnection events
2023-07-16 19:51:50,332 [INFO] WebApp:390 - Apply proxy settings
2023-07-16 19:51:50,332 [INFO] WebApp:475 - Chromium requires no authentication
2023-07-16 19:51:50,339 [INFO] WebApp:418 - Direct internet connection detected
2023-07-16 19:51:50,471 [INFO] WebApp:188 - Starting web application
2023-07-16 19:51:50,471 [INFO] WebApp:520 - Web application path used C:\ST\STM32CubeIDE_1.13.0\STM32CubeIDE\plugins\com.st.stm32cube.common.mx_6.9.0.202307051724\db\plugins\mcufinder\reactClient1\index.html
2023-07-16 19:52:11,231 [ERROR] LogOutputStream:75 - [STDERR_REDIRECT] SLF4J: Failed to load class "org.slf4j.impl.StaticLoggerBinder".
2023-07-16 19:52:11,232 [ERROR] LogOutputStream:75 - [STDERR_REDIRECT] SLF4J: Defaulting to no-operation (NOP) logger implementation
2023-07-16 19:52:11,233 [ERROR] LogOutputStream:75 - [STDERR_REDIRECT] SLF4J: See http://www.slf4j.org/codes.html#StaticLoggerBinder for further details.
2023-07-16 19:54:55,390 [INFO] McuFinderGlobals:63 - Set McuFinder mode to 2 (CubeIDE integrated)
2023-07-16 19:54:55,411 [INFO] MainUpdater:2868 - connection check result : 10
2023-07-16 19:54:55,907 [INFO] ApiDb:581 - Connected to CubeFinder SQLite database (C:\Users\hamuc\.stmcufinder\plugins\mcufinder\mcu\cube-finder-db.db)
2023-07-16 19:54:56,061 [INFO] ApiDb:668 - CubeFinder database Data Model version=2.1
2023-07-16 19:54:56,061 [INFO] ApiDb:669 - CubeFinder database Configuration version=3.0.37
2023-07-16 19:54:56,061 [INFO] ApiDb:670 - CubeFinder database generation date=2023-06-26 (1687786131)
2023-07-16 19:54:56,061 [INFO] ApiDb:671 - CubeFinder database FW Pack versions=[FP-ATR-ASTRA1_V2.0.0, FP-SNS-FLIGHT1_V5.0.1, FP-SNS-MOTENV1_V4.3.1, STM32Cube_FW_C0_V1.1.0, STM32Cube_FW_F4_V1.27.1, STM32Cube_FW_F7_V1.17.0, STM32Cube_FW_G0_V1.6.1, STM32Cube_FW_G4_V1.5.1, STM32Cube_FW_H5_V0.5.1, STM32Cube_FW_H5_V1.1.0, STM32Cube_FW_H7_V1.11.0, STM32Cube_FW_L0_V1.12.2, STM32Cube_FW_L5_V1.5.0, STM32Cube_FW_U5_V1.3.0, STM32Cube_FW_U5_V1.3.0RC4, STM32Cube_FW_WBA_V1.0.0RC1, STM32Cube_FW_WBA_V1.1.0, STM32Cube_FW_WBA_V1.1.0RC1, STM32Cube_FW_WB_V1.15.0RC1, STM32Cube_FW_WB_V1.16.0, STM32Cube_FW_WB_V1.16.0RC2, STM32Cube_FW_WB_V1.17.0, STM32Cube_FW_WL_V1.3.0, X-CUBE-ALGOBUILD_V1.3.0, X-CUBE-ALS_V1.0.1, X-CUBE-AZRTOS-F4_V1.1.0, X-CUBE-AZRTOS-F7_V1.1.0, X-CUBE-AZRTOS-G0_V1.1.0, X-CUBE-AZRTOS-G4_V2.0.0, X-CUBE-AZRTOS-H7_V3.1.0, X-CUBE-AZRTOS-L4_V1.0.0, X-CUBE-AZRTOS-L4_V2.0.0, X-CUBE-AZRTOS-L5_V1.1.0, X-CUBE-AZRTOS-WB_V1.1.0, X-CUBE-AZRTOS-WL_V2.0.0, X-CUBE-BLE1_V6.2.4, X-CUBE-BLE2_V3.3.0, X-CUBE-BLEMGR_V2.0.0, X-CUBE-EEPRMA1_V4.1.0, X-CUBE-FREERTOS_V1.0.1, X-CUBE-GNSS1_V6.0.0, X-CUBE-MEMS1_V9.1.0, X-CUBE-MEMS1_V9.4.0, X-CUBE-MEMS1_V9.6.0, X-CUBE-NFC4_V3.0.0, X-CUBE-NFC7_V1.0.0, X-CUBE-SFXS2LP1_V4.0.0, X-CUBE-SUBG2_V5.0.0]
2023-07-16 19:54:56,233 [INFO] DbBoardsSqlite:226 - include board P-NUCLEO-WB55-NUCLEO as a kit item of type 'Nucleo-64'
2023-07-16 19:54:56,233 [INFO] DbBoardsSqlite:226 - include board P-NUCLEO-WB55-USBDONGLE as a kit item of type 'Nucleo USB Dongle'
2023-07-16 19:54:56,234 [INFO] DbBoardsSqlite:226 - include board STEVAL-IDP005V1 as a kit item of type 'Evaluation Board'
2023-07-16 19:54:56,235 [INFO] DbBoardsSqlite:226 - include board STEVAL-IDP005V2 as a kit item of type 'Evaluation Board'
2023-07-16 19:54:57,035 [INFO] ApiDb:240 - Found 323 in-development CPN: [B-G473E-ZEST1S, B-WB1M-WPAN1, B-WL5M-SUBG1, NUCLEO-C031C6, NUCLEO-H503RB, NUCLEO-H563ZI, NUCLEO-U545RE-Q, NUCLEO-U5A5ZJ-Q, NUCLEO-WBA52CG, STEVAL-PROTEUS1, STEVAL-SMARTAG2, STEVAL-STWINBX1, STM320518-EVAL, STM32C0116-DK, STM32C011D6Y3TR, STM32C011D6Y6TR, STM32C011F4P3, STM32C011F4P6, STM32C011F4U3, STM32C011F4U6TR, STM32C011F6P3, STM32C011F6P6, STM32C011F6U3, STM32C011F6U6TR, STM32C011J4M3, STM32C011J4M6, STM32C011J6M3, STM32C011J6M6, STM32C0316-DK, STM32C031C4T3, STM32C031C4T6, STM32C031C4U3, STM32C031C4U6, STM32C031C6T3, STM32C031C6T6, STM32C031C6U3, STM32C031C6U6, STM32C031F4P3, STM32C031F4P6, STM32C031F6P3, STM32C031F6P6, STM32C031G4U3, STM32C031G4U6, STM32C031G6U3, STM32C031G6U6, STM32C031K4T3, STM32C031K4T6, STM32C031K4U3, STM32C031K4U6, STM32C031K6T3, STM32C031K6T6, STM32C031K6U3, STM32C031K6U6, STM32G071K8TXN, STM32G071K8UXN, STM32G081GBU6N, STM32G081KBT6N, STM32G081KBUXN, STM32G0B1CCT6N, STM32G0B1KCT6, STM32G0B1NEY6TR, STM32G0B1RCT6N, STM32G0C1CCT6, STM32G0C1CCT6N, STM32G0C1CCU6N, STM32G0C1CET6N, STM32G0C1CEU6N, STM32G0C1KCT6, STM32G0C1NEY6TR, STM32G0C1RCI6N, STM32G0C1RCT6N, STM32G0C1REI6N, STM32G0C1RET6N, STM32G0C1VCI6, STM32G0C1VEI6, STM32G471CCT6, STM32G471CCU6, STM32G471CET3, STM32G471CET6, STM32G471CEU3, STM32G471CEU6, STM32G471MCT6, STM32G471MET3, STM32G471MET6, STM32G471MEY6TR, STM32G471QCT6, STM32G471QET3, STM32G471RCT6, STM32G471RET3, STM32G471RET6, STM32G471VCH6, STM32G471VCI6, STM32G471VCT6, STM32G471VEH3, STM32G471VEH6, STM32G471VEI3, STM32G471VEI6, STM32G471VET3, STM32G471VET6, STM32G474CCT6, STM32H503CBT6, STM32H503CBU6, STM32H503EBY6TR, STM32H503KBU6, STM32H503RBT6, STM32H562AGI6, STM32H562AII6, STM32H562IGK6, STM32H562IGT6, STM32H562IIK6, STM32H562IIT6, STM32H562RGT6, STM32H562RGV6, STM32H562RIT6, STM32H562RIV6, STM32H562VGT6, STM32H562VIT6, STM32H562ZGT6, STM32H562ZIT6, STM32H563AGI6, STM32H563AII3Q, STM32H563AII6, STM32H563IGK6, STM32H563IGT6, STM32H563IIK3Q, STM32H563IIK6, STM32H563IIT3Q, STM32H563IIT6, STM32H563MIY3QTR, STM32H563RGT6, STM32H563RGV6, STM32H563RIT6, STM32H563RIV6, STM32H563VGT6, STM32H563VIT3Q, STM32H563VIT6, STM32H563ZGT6, STM32H563ZIT3Q, STM32H563ZIT6, STM32H573AII3Q, STM32H573AII6, STM32H573I-DK, STM32H573IIK3Q, STM32H573IIK6, STM32H573IIT3Q, STM32H573IIT6, STM32H573MIY3QTR, STM32H573RIT6, STM32H573RIV6, STM32H573VIT3Q, STM32H573VIT6, STM32H573ZIT3Q, STM32H573ZIT6, STM32L4R5QGI6STR, STM32MP131AAE3, STM32MP131AAF3, STM32MP131AAG3, STM32MP131CAE3, STM32MP131CAF3, STM32MP131CAG3, STM32MP131DAE7, STM32MP131DAF7, STM32MP131DAG7, STM32MP131FAE7, STM32MP131FAF7, STM32MP131FAG7, STM32MP133AAE3, STM32MP133AAF3, STM32MP133AAG3, STM32MP133CAE3, STM32MP133CAF3, STM32MP133CAG3, STM32MP133DAE7, STM32MP133DAF7, STM32MP133DAG7, STM32MP133FAE7, STM32MP133FAF7, STM32MP133FAG7, STM32MP135AAE3, STM32MP135AAF3, STM32MP135AAG3, STM32MP135CAE3, STM32MP135CAF3, STM32MP135CAG3, STM32MP135DAE7, STM32MP135DAF7, STM32MP135DAG7, STM32MP135F-DK, STM32MP135FAE7, STM32MP135FAF7, STM32MP135FAF7T, STM32MP135FAF7U, STM32MP135FAG7, STM32U535CBT6, STM32U535CBT6Q, STM32U535CBU6, STM32U535CBU6Q, STM32U535CCT6, STM32U535CCT6Q, STM32U535CCU6, STM32U535CCU6Q, STM32U535CET6, STM32U535CET6Q, STM32U535CEU6, STM32U535CEU6Q, STM32U535JEY6QTR, STM32U535NCY6QTR, STM32U535NEY6QTR, STM32U535RBI6, STM32U535RBI6Q, STM32U535RBT6, STM32U535RBT6Q, STM32U535RCI6, STM32U535RCI6Q, STM32U535RCT6, STM32U535RCT6Q, STM32U535REI6, STM32U535REI6Q, STM32U535RET6, STM32U535RET6Q, STM32U535VCI6, STM32U535VCI6Q, STM32U535VCT6, STM32U535VCT6Q, STM32U535VEI6, STM32U535VEI6Q, STM32U535VET6, STM32U535VET6Q, STM32U545CET6, STM32U545CET6Q, STM32U545CEU6, STM32U545CEU6Q, STM32U545JEY6QTR, STM32U545NEY6QTR, STM32U545REI6, STM32U545REI6Q, STM32U545RET6, STM32U545RET6Q, STM32U545VEI6, STM32U545VEI6Q, STM32U545VET6, STM32U545VET6Q, STM32U595AIH6, STM32U595AIH6Q, STM32U595AJH6, STM32U595AJH6Q, STM32U595QII6, STM32U595QII6Q, STM32U595QJI6, STM32U595QJI6Q, STM32U595RIT6, STM32U595RIT6Q, STM32U595RJT6, STM32U595RJT6Q, STM32U595VIT6, STM32U595VIT6Q, STM32U595VJT6, STM32U595VJT6Q, STM32U595ZIT6, STM32U595ZIT6Q, STM32U595ZIY6QTR, STM32U595ZJT6, STM32U595ZJT6Q, STM32U595ZJY6QTR, STM32U599BJY6QTR, STM32U599NIH6Q, STM32U599NJH6Q, STM32U599VIT6Q, STM32U599VJT6, STM32U599VJT6Q, STM32U599ZIT6Q, STM32U599ZIY6QTR, STM32U599ZJT6Q, STM32U599ZJY6QTR, STM32U5A5AJH6, STM32U5A5AJH6Q, STM32U5A5QJI6, STM32U5A5QJI6Q, STM32U5A5RJT6, STM32U5A5RJT6Q, STM32U5A5VJT6, STM32U5A5VJT6Q, STM32U5A5ZJT6, STM32U5A5ZJT6Q, STM32U5A5ZJY6QTR, STM32U5A9BJY6QTR, STM32U5A9J-DK, STM32U5A9NJH6Q, STM32U5A9VJT6Q, STM32U5A9ZJT6Q, STM32U5A9ZJY6QTR, STM32U5F7VIT6, STM32U5F7VIT6Q, STM32U5F7VJT6, STM32U5F7VJT6Q, STM32U5F9BJY6QTR, STM32U5F9NJH6Q, STM32U5F9VIT6Q, STM32U5F9VJT6Q, STM32U5F9ZIJ6QTR, STM32U5F9ZIT6Q, STM32U5F9ZJJ6QTR, STM32U5F9ZJT6Q, STM32U5G7VJT6, STM32U5G7VJT6Q, STM32U5G9BJY6QTR, STM32U5G9J-DK1, STM32U5G9J-DK2, STM32U5G9NJH6Q, STM32U5G9VJT6Q, STM32U5G9ZJJ6QTR, STM32U5G9ZJT6Q, STM32WB1MMCH6, STM32WBA52CEU6, STM32WBA52CEU6T, STM32WBA52CGU6, STM32WBA52CGU6T, STM32WBA52KEU6, STM32WBA52KEU6T, STM32WBA52KGU6, STM32WBA52KGU6T, STM32WL5MOCH6, STM32WL5MOCH6TR]
2023-07-16 19:54:57,141 [INFO] BoardInfo:880 - No configuration file found for board P-NUCLEO-WB55
2023-07-16 19:54:57,142 [INFO] DbBoards:157 - Kit is not supported: P-NUCLEO-WB55
2023-07-16 19:54:57,146 [INFO] BoardInfo:880 - No configuration file found for board STEVAL-BFA001V1B
2023-07-16 19:54:57,146 [INFO] DbBoards:157 - Kit is not supported: STEVAL-BFA001V1B
2023-07-16 19:54:57,147 [INFO] BoardInfo:880 - No configuration file found for board STEVAL-BFA001V2B
2023-07-16 19:54:57,147 [INFO] DbBoards:157 - Kit is not supported: STEVAL-BFA001V2B
2023-07-16 19:54:57,257 [INFO] DbBoards:161 - Found 190 boards, 187 are supported
2023-07-16 19:54:57,260 [INFO] ApiDb:668 - CubeFinder database Data Model version=2.1
2023-07-16 19:54:57,260 [INFO] ApiDb:669 - CubeFinder database Configuration version=3.0.37
2023-07-16 19:54:57,260 [INFO] ApiDb:670 - CubeFinder database generation date=2023-06-26 (1687786131)
2023-07-16 19:54:57,261 [INFO] ApiDb:671 - CubeFinder database FW Pack versions=[FP-ATR-ASTRA1_V2.0.0, FP-SNS-FLIGHT1_V5.0.1, FP-SNS-MOTENV1_V4.3.1, STM32Cube_FW_C0_V1.1.0, STM32Cube_FW_F4_V1.27.1, STM32Cube_FW_F7_V1.17.0, STM32Cube_FW_G0_V1.6.1, STM32Cube_FW_G4_V1.5.1, STM32Cube_FW_H5_V0.5.1, STM32Cube_FW_H5_V1.1.0, STM32Cube_FW_H7_V1.11.0, STM32Cube_FW_L0_V1.12.2, STM32Cube_FW_L5_V1.5.0, STM32Cube_FW_U5_V1.3.0, STM32Cube_FW_U5_V1.3.0RC4, STM32Cube_FW_WBA_V1.0.0RC1, STM32Cube_FW_WBA_V1.1.0, STM32Cube_FW_WBA_V1.1.0RC1, STM32Cube_FW_WB_V1.15.0RC1, STM32Cube_FW_WB_V1.16.0, STM32Cube_FW_WB_V1.16.0RC2, STM32Cube_FW_WB_V1.17.0, STM32Cube_FW_WL_V1.3.0, X-CUBE-ALGOBUILD_V1.3.0, X-CUBE-ALS_V1.0.1, X-CUBE-AZRTOS-F4_V1.1.0, X-CUBE-AZRTOS-F7_V1.1.0, X-CUBE-AZRTOS-G0_V1.1.0, X-CUBE-AZRTOS-G4_V2.0.0, X-CUBE-AZRTOS-H7_V3.1.0, X-CUBE-AZRTOS-L4_V1.0.0, X-CUBE-AZRTOS-L4_V2.0.0, X-CUBE-AZRTOS-L5_V1.1.0, X-CUBE-AZRTOS-WB_V1.1.0, X-CUBE-AZRTOS-WL_V2.0.0, X-CUBE-BLE1_V6.2.4, X-CUBE-BLE2_V3.3.0, X-CUBE-BLEMGR_V2.0.0, X-CUBE-EEPRMA1_V4.1.0, X-CUBE-FREERTOS_V1.0.1, X-CUBE-GNSS1_V6.0.0, X-CUBE-MEMS1_V9.1.0, X-CUBE-MEMS1_V9.4.0, X-CUBE-MEMS1_V9.6.0, X-CUBE-NFC4_V3.0.0, X-CUBE-NFC7_V1.0.0, X-CUBE-SFXS2LP1_V4.0.0, X-CUBE-SUBG2_V5.0.0]
2023-07-16 19:54:59,064 [INFO] ApiDb:240 - Found 323 in-development CPN: [B-G473E-ZEST1S, B-WB1M-WPAN1, B-WL5M-SUBG1, NUCLEO-C031C6, NUCLEO-H503RB, NUCLEO-H563ZI, NUCLEO-U545RE-Q, NUCLEO-U5A5ZJ-Q, NUCLEO-WBA52CG, STEVAL-PROTEUS1, STEVAL-SMARTAG2, STEVAL-STWINBX1, STM320518-EVAL, STM32C0116-DK, STM32C011D6Y3TR, STM32C011D6Y6TR, STM32C011F4P3, STM32C011F4P6, STM32C011F4U3, STM32C011F4U6TR, STM32C011F6P3, STM32C011F6P6, STM32C011F6U3, STM32C011F6U6TR, STM32C011J4M3, STM32C011J4M6, STM32C011J6M3, STM32C011J6M6, STM32C0316-DK, STM32C031C4T3, STM32C031C4T6, STM32C031C4U3, STM32C031C4U6, STM32C031C6T3, STM32C031C6T6, STM32C031C6U3, STM32C031C6U6, STM32C031F4P3, STM32C031F4P6, STM32C031F6P3, STM32C031F6P6, STM32C031G4U3, STM32C031G4U6, STM32C031G6U3, STM32C031G6U6, STM32C031K4T3, STM32C031K4T6, STM32C031K4U3, STM32C031K4U6, STM32C031K6T3, STM32C031K6T6, STM32C031K6U3, STM32C031K6U6, STM32G071K8TXN, STM32G071K8UXN, STM32G081GBU6N, STM32G081KBT6N, STM32G081KBUXN, STM32G0B1CCT6N, STM32G0B1KCT6, STM32G0B1NEY6TR, STM32G0B1RCT6N, STM32G0C1CCT6, STM32G0C1CCT6N, STM32G0C1CCU6N, STM32G0C1CET6N, STM32G0C1CEU6N, STM32G0C1KCT6, STM32G0C1NEY6TR, STM32G0C1RCI6N, STM32G0C1RCT6N, STM32G0C1REI6N, STM32G0C1RET6N, STM32G0C1VCI6, STM32G0C1VEI6, STM32G471CCT6, STM32G471CCU6, STM32G471CET3, STM32G471CET6, STM32G471CEU3, STM32G471CEU6, STM32G471MCT6, STM32G471MET3, STM32G471MET6, STM32G471MEY6TR, STM32G471QCT6, STM32G471QET3, STM32G471RCT6, STM32G471RET3, STM32G471RET6, STM32G471VCH6, STM32G471VCI6, STM32G471VCT6, STM32G471VEH3, STM32G471VEH6, STM32G471VEI3, STM32G471VEI6, STM32G471VET3, STM32G471VET6, STM32G474CCT6, STM32H503CBT6, STM32H503CBU6, STM32H503EBY6TR, STM32H503KBU6, STM32H503RBT6, STM32H562AGI6, STM32H562AII6, STM32H562IGK6, STM32H562IGT6, STM32H562IIK6, STM32H562IIT6, STM32H562RGT6, STM32H562RGV6, STM32H562RIT6, STM32H562RIV6, STM32H562VGT6, STM32H562VIT6, STM32H562ZGT6, STM32H562ZIT6, STM32H563AGI6, STM32H563AII3Q, STM32H563AII6, STM32H563IGK6, STM32H563IGT6, STM32H563IIK3Q, STM32H563IIK6, STM32H563IIT3Q, STM32H563IIT6, STM32H563MIY3QTR, STM32H563RGT6, STM32H563RGV6, STM32H563RIT6, STM32H563RIV6, STM32H563VGT6, STM32H563VIT3Q, STM32H563VIT6, STM32H563ZGT6, STM32H563ZIT3Q, STM32H563ZIT6, STM32H573AII3Q, STM32H573AII6, STM32H573I-DK, STM32H573IIK3Q, STM32H573IIK6, STM32H573IIT3Q, STM32H573IIT6, STM32H573MIY3QTR, STM32H573RIT6, STM32H573RIV6, STM32H573VIT3Q, STM32H573VIT6, STM32H573ZIT3Q, STM32H573ZIT6, STM32L4R5QGI6STR, STM32MP131AAE3, STM32MP131AAF3, STM32MP131AAG3, STM32MP131CAE3, STM32MP131CAF3, STM32MP131CAG3, STM32MP131DAE7, STM32MP131DAF7, STM32MP131DAG7, STM32MP131FAE7, STM32MP131FAF7, STM32MP131FAG7, STM32MP133AAE3, STM32MP133AAF3, STM32MP133AAG3, STM32MP133CAE3, STM32MP133CAF3, STM32MP133CAG3, STM32MP133DAE7, STM32MP133DAF7, STM32MP133DAG7, STM32MP133FAE7, STM32MP133FAF7, STM32MP133FAG7, STM32MP135AAE3, STM32MP135AAF3, STM32MP135AAG3, STM32MP135CAE3, STM32MP135CAF3, STM32MP135CAG3, STM32MP135DAE7, STM32MP135DAF7, STM32MP135DAG7, STM32MP135F-DK, STM32MP135FAE7, STM32MP135FAF7, STM32MP135FAF7T, STM32MP135FAF7U, STM32MP135FAG7, STM32U535CBT6, STM32U535CBT6Q, STM32U535CBU6, STM32U535CBU6Q, STM32U535CCT6, STM32U535CCT6Q, STM32U535CCU6, STM32U535CCU6Q, STM32U535CET6, STM32U535CET6Q, STM32U535CEU6, STM32U535CEU6Q, STM32U535JEY6QTR, STM32U535NCY6QTR, STM32U535NEY6QTR, STM32U535RBI6, STM32U535RBI6Q, STM32U535RBT6, STM32U535RBT6Q, STM32U535RCI6, STM32U535RCI6Q, STM32U535RCT6, STM32U535RCT6Q, STM32U535REI6, STM32U535REI6Q, STM32U535RET6, STM32U535RET6Q, STM32U535VCI6, STM32U535VCI6Q, STM32U535VCT6, STM32U535VCT6Q, STM32U535VEI6, STM32U535VEI6Q, STM32U535VET6, STM32U535VET6Q, STM32U545CET6, STM32U545CET6Q, STM32U545CEU6, STM32U545CEU6Q, STM32U545JEY6QTR, STM32U545NEY6QTR, STM32U545REI6, STM32U545REI6Q, STM32U545RET6, STM32U545RET6Q, STM32U545VEI6, STM32U545VEI6Q, STM32U545VET6, STM32U545VET6Q, STM32U595AIH6, STM32U595AIH6Q, STM32U595AJH6, STM32U595AJH6Q, STM32U595QII6, STM32U595QII6Q, STM32U595QJI6, STM32U595QJI6Q, STM32U595RIT6, STM32U595RIT6Q, STM32U595RJT6, STM32U595RJT6Q, STM32U595VIT6, STM32U595VIT6Q, STM32U595VJT6, STM32U595VJT6Q, STM32U595ZIT6, STM32U595ZIT6Q, STM32U595ZIY6QTR, STM32U595ZJT6, STM32U595ZJT6Q, STM32U595ZJY6QTR, STM32U599BJY6QTR, STM32U599NIH6Q, STM32U599NJH6Q, STM32U599VIT6Q, STM32U599VJT6, STM32U599VJT6Q, STM32U599ZIT6Q, STM32U599ZIY6QTR, STM32U599ZJT6Q, STM32U599ZJY6QTR, STM32U5A5AJH6, STM32U5A5AJH6Q, STM32U5A5QJI6, STM32U5A5QJI6Q, STM32U5A5RJT6, STM32U5A5RJT6Q, STM32U5A5VJT6, STM32U5A5VJT6Q, STM32U5A5ZJT6, STM32U5A5ZJT6Q, STM32U5A5ZJY6QTR, STM32U5A9BJY6QTR, STM32U5A9J-DK, STM32U5A9NJH6Q, STM32U5A9VJT6Q, STM32U5A9ZJT6Q, STM32U5A9ZJY6QTR, STM32U5F7VIT6, STM32U5F7VIT6Q, STM32U5F7VJT6, STM32U5F7VJT6Q, STM32U5F9BJY6QTR, STM32U5F9NJH6Q, STM32U5F9VIT6Q, STM32U5F9VJT6Q, STM32U5F9ZIJ6QTR, STM32U5F9ZIT6Q, STM32U5F9ZJJ6QTR, STM32U5F9ZJT6Q, STM32U5G7VJT6, STM32U5G7VJT6Q, STM32U5G9BJY6QTR, STM32U5G9J-DK1, STM32U5G9J-DK2, STM32U5G9NJH6Q, STM32U5G9VJT6Q, STM32U5G9ZJJ6QTR, STM32U5G9ZJT6Q, STM32WB1MMCH6, STM32WBA52CEU6, STM32WBA52CEU6T, STM32WBA52CGU6, STM32WBA52CGU6T, STM32WBA52KEU6, STM32WBA52KEU6T, STM32WBA52KGU6, STM32WBA52KGU6T, STM32WL5MOCH6, STM32WL5MOCH6TR]
2023-07-16 19:54:59,068 [INFO] DbMcus:217 - Found 3848 MCUs, 3848 are supported
2023-07-16 19:54:59,069 [INFO] ApiDb:423 - Load user favorites file C:\Users\hamuc/.stm32cubeide/favorites.mcus.txt: 0 item(s)
2023-07-16 19:54:59,069 [INFO] ApiDb:427 - User favorites MCUs=[]
2023-07-16 19:54:59,069 [INFO] DbMcus:223 - Set 0 / 0 favorites MCUs
2023-07-16 19:54:59,194 [INFO] ApiDb:423 - Load user favorites file C:\Users\hamuc/.stm32cubeide/favorites.boards.txt: 0 item(s)
2023-07-16 19:54:59,194 [INFO] ApiDb:427 - User favorites Boards=[]
2023-07-16 19:54:59,194 [INFO] DbBoards:190 - Set 0 / 0 favorites Boards
2023-07-16 19:54:59,195 [INFO] McuFinderGlobals:76 - Set McuFinderConnectedMode to true
2023-07-16 19:54:59,201 [INFO] MultiScanPanel:200 - Auto-refresh data requested => check proxy status ongoing
2023-07-16 19:54:59,203 [INFO] FinderPluginLoader:95 - Searching for filters in installed packs
2023-07-16 19:55:00,257 [INFO] LoadUrlFilesThread:185 - End of LoadServerUrlFiles without Thread
2023-07-16 19:55:00,278 [INFO] DetailPanel:341 - Set advertising image to C:/Users/hamuc/STM32Cube/Repository/\en.prom-stm32h5-mcu-finder.jpg
2023-07-16 19:55:07,699 [INFO] MultiScanPanel:200 - Auto-refresh data requested => check proxy status ongoing
2023-07-16 19:55:07,786 [INFO] LoadUrlFilesThread:185 - End of LoadServerUrlFiles without Thread
2023-07-16 19:55:07,786 [INFO] DetailPanel:341 - Set advertising image to C:/Users/hamuc/STM32Cube/Repository/\en.prom-stm32h5-mcu-finder.jpg
2023-07-16 19:55:07,796 [INFO] DbBoards:634 - Loading board mini-images...
2023-07-16 19:55:10,216 [ERROR] DbBoards:651 - Image file not found for board STM32U5G9J-DK1: C:\Users\hamuc\.stmcufinder\plugins\mcufinder//mcu//boards_images/STM32U5G9J-DK1.jpg
2023-07-16 19:55:10,216 [ERROR] DbBoards:651 - Image file not found for board STM32U5G9J-DK2: C:\Users\hamuc\.stmcufinder\plugins\mcufinder//mcu//boards_images/STM32U5G9J-DK2.jpg
2023-07-16 19:55:10,238 [INFO] DbBoards:657 - Loaded 188 board mini-images
2023-07-16 19:55:38,913 [INFO] MainUpdater:2868 - connection check result : 10
2023-07-16 19:55:38,914 [INFO] MainUpdater:2868 - connection check result : 10
2023-07-16 19:55:38,942 [INFO] MicroXplorer:468 - Change Database Path : 
2023-07-16 19:55:38,942 [INFO] MicroXplorer:498 - Change Database Version : DB.6.0.90
2023-07-16 19:55:38,945 [WARN] ThirdParty:871 - waiting for thirdparty lock release [close project]
2023-07-16 19:55:38,945 [INFO] ThirdParty:873 - entering critical section [close project]
2023-07-16 19:55:38,946 [INFO] ThirdParty:883 - exiting critical section [close project]
2023-07-16 19:55:38,948 [INFO] PinOutPanel:1499 - setPackage(No Configuration,No Configuration)
2023-07-16 19:55:38,953 [INFO] UtilMem:75 - Begin LoadConfig() Used Memory: 756311784 Bytes (1073741824)
2023-07-16 19:55:38,958 [INFO] OpenFileManager:308 - Change cursor
2023-07-16 19:55:38,987 [INFO] ProjectFactory:402 - No CPN specified for board NUCLEO-F303K8 => set CPN to STM32F303K8T6
2023-07-16 19:55:38,987 [INFO] Mcu:1946 - Initializing MCU STM32F303K(6-8)Tx STM32F303K8Tx STM32F303K8T6
2023-07-16 19:55:40,184 [INFO] Context:659 - Trying to add GPIOservice into a context  which must be forbidden
2023-07-16 19:55:40,460 [INFO] Rule:228 - rule 117617 - U5Cobra4M][GTZC] default value MPCBB3 and MPCBB5 - Not Secured memory - MPCBB1 is applicable
2023-07-16 19:55:40,461 [INFO] Rule:228 - rule 117617 - U5Cobra4M][GTZC] default value MPCBB3 and MPCBB5 - Not Secured memory - MPCBB1 is applicable
2023-07-16 19:55:40,461 [INFO] Rule:228 - rule 117617 - U5Cobra4M][GTZC] default value MPCBB3 and MPCBB5 - Not Secured memory - MPCBB2 is applicable
2023-07-16 19:55:40,461 [INFO] Rule:228 - rule 117617 - U5Cobra4M][GTZC] default value MPCBB3 and MPCBB5 - Not Secured memory - MPCBB2 is applicable
2023-07-16 19:55:40,461 [INFO] Rule:228 - rule 117617 - U5Cobra4M][GTZC] default value MPCBB3 and MPCBB5 - Not Secured memory - MPCBB3 is applicable
2023-07-16 19:55:40,461 [INFO] Rule:228 - rule 117617 - U5Cobra4M][GTZC] default value MPCBB3 and MPCBB5 - Not Secured memory - MPCBB3 is applicable
2023-07-16 19:55:40,461 [INFO] Rule:228 - rule 117617 - U5Cobra4M][GTZC] default value MPCBB3 and MPCBB5 - Not Secured memory - MPCBB4 is applicable
2023-07-16 19:55:40,461 [INFO] Rule:228 - rule 117617 - U5Cobra4M][GTZC] default value MPCBB3 and MPCBB5 - Not Secured memory - MPCBB4 is applicable
2023-07-16 19:55:40,461 [INFO] Rule:228 - rule 117617 - U5Cobra4M][GTZC] default value MPCBB3 and MPCBB5 - Secured memory - MPCBB1 is applicable
2023-07-16 19:55:40,461 [INFO] Rule:228 - rule 117617 - U5Cobra4M][GTZC] default value MPCBB3 and MPCBB5 - Secured memory - MPCBB2 is applicable
2023-07-16 19:55:40,461 [INFO] Rule:228 - rule 117617 - U5Cobra4M][GTZC] default value MPCBB3 and MPCBB5 - Secured memory - MPCBB3 is applicable
2023-07-16 19:55:40,461 [INFO] Rule:228 - rule 117617 - U5Cobra4M][GTZC] default value MPCBB3 and MPCBB5 - Secured memory - MPCBB4 is applicable
2023-07-16 19:55:40,461 [INFO] Rule:228 - rule 117617 - U5Cobra4M][GTZC] default value MPCBB3 and MPCBB5 - Privileged memory - MPCBB1 is applicable
2023-07-16 19:55:40,461 [INFO] Rule:228 - rule 117617 - U5Cobra4M][GTZC] default value MPCBB3 and MPCBB5 - Privileged memory - MPCBB2 is applicable
2023-07-16 19:55:40,461 [INFO] Rule:228 - rule 117617 - U5Cobra4M][GTZC] default value MPCBB3 and MPCBB5 - Privileged memory - MPCBB3 is applicable
2023-07-16 19:55:40,461 [INFO] Rule:228 - rule 117617 - U5Cobra4M][GTZC] default value MPCBB3 and MPCBB5 - Privileged memory - MPCBB4 is applicable
2023-07-16 19:55:40,461 [INFO] Rule:228 - rule 117617 - U5Cobra4M][GTZC] default value MPCBB3 and MPCBB5 - Not Privileged memory - MPCBB1 is applicable
2023-07-16 19:55:40,462 [INFO] Rule:228 - rule 117617 - U5Cobra4M][GTZC] default value MPCBB3 and MPCBB5 - Not Privileged memory - MPCBB2 is applicable
2023-07-16 19:55:40,462 [INFO] Rule:228 - rule 117617 - U5Cobra4M][GTZC] default value MPCBB3 and MPCBB5 - Not Privileged memory - MPCBB3 is applicable
2023-07-16 19:55:40,462 [INFO] Rule:228 - rule 117617 - U5Cobra4M][GTZC] default value MPCBB3 and MPCBB5 - Not Privileged memory - MPCBB4 is applicable
2023-07-16 19:55:40,462 [INFO] Rule:228 - rule 117617 - U5Cobra4M][GTZC] default value MPCBB3 and MPCBB5 - Privileged memory - MPCBB1 is applicable
2023-07-16 19:55:40,462 [INFO] Rule:228 - rule 117617 - U5Cobra4M][GTZC] default value MPCBB3 and MPCBB5 - Privileged memory - MPCBB2 is applicable
2023-07-16 19:55:40,462 [INFO] Rule:228 - rule 117617 - U5Cobra4M][GTZC] default value MPCBB3 and MPCBB5 - Privileged memory - MPCBB3 is applicable
2023-07-16 19:55:40,462 [INFO] Rule:228 - rule 117617 - U5Cobra4M][GTZC] default value MPCBB3 and MPCBB5 - Privileged memory - MPCBB4 is applicable
2023-07-16 19:55:40,462 [INFO] Rule:228 - rule 117617 - U5Cobra4M][GTZC] default value MPCBB3 and MPCBB5 - Privileged memory - MPCBB1 is applicable
2023-07-16 19:55:40,462 [INFO] Rule:228 - rule 117617 - U5Cobra4M][GTZC] default value MPCBB3 and MPCBB5 - Privileged memory - MPCBB2 is applicable
2023-07-16 19:55:40,462 [INFO] Rule:228 - rule 117617 - U5Cobra4M][GTZC] default value MPCBB3 and MPCBB5 - Privileged memory - MPCBB3 is applicable
2023-07-16 19:55:40,462 [INFO] Rule:228 - rule 117617 - U5Cobra4M][GTZC] default value MPCBB3 and MPCBB5 - Privileged memory - MPCBB4 is applicable
2023-07-16 19:55:40,462 [INFO] Rule:228 - rule 117617 - U5Cobra4M][GTZC] default value MPCBB3 and MPCBB5 - Not Privileged memory - MPCBB1 is applicable
2023-07-16 19:55:40,462 [INFO] Rule:228 - rule 117617 - U5Cobra4M][GTZC] default value MPCBB3 and MPCBB5 - Not Privileged memory - MPCBB2 is applicable
2023-07-16 19:55:40,462 [INFO] Rule:228 - rule 117617 - U5Cobra4M][GTZC] default value MPCBB3 and MPCBB5 - Not Privileged memory - MPCBB3 is applicable
2023-07-16 19:55:40,462 [INFO] Rule:228 - rule 117617 - U5Cobra4M][GTZC] default value MPCBB3 and MPCBB5 - Not Privileged memory - MPCBB4 is applicable
2023-07-16 19:55:40,462 [INFO] Rule:228 - rule 117617 - U5Cobra4M][GTZC] default value MPCBB3 and MPCBB5 - Privileged memory - MPCBB1 is applicable
2023-07-16 19:55:40,462 [INFO] Rule:228 - rule 117617 - U5Cobra4M][GTZC] default value MPCBB3 and MPCBB5 - Privileged memory - MPCBB2 is applicable
2023-07-16 19:55:40,462 [INFO] Rule:228 - rule 117617 - U5Cobra4M][GTZC] default value MPCBB3 and MPCBB5 - Privileged memory - MPCBB3 is applicable
2023-07-16 19:55:40,462 [INFO] Rule:228 - rule 117617 - U5Cobra4M][GTZC] default value MPCBB3 and MPCBB5 - Privileged memory - MPCBB4 is applicable
2023-07-16 19:55:40,462 [INFO] Rule:228 - rule Rename SubGHz_Phy SUBGHZ_APPLICATION SUBGHZ_PINGPONG to SUBGHZ_ADV_APPLICATION is applicable
2023-07-16 19:55:40,463 [INFO] Rule:228 - rule Rename Enabled to IBEACON is applicable
2023-07-16 19:55:40,463 [INFO] Rule:228 - rule GTZC_S instance for project manager is applicable
2023-07-16 19:55:40,463 [INFO] Rule:228 - rule GTZC_S instance for context M33S is applicable
2023-07-16 19:55:40,463 [INFO] Rule:228 - rule GTZC_S instance value for IP GTZC is applicable
2023-07-16 19:55:40,463 [INFO] Rule:228 - rule GTZC_S instance for mcu.IP is applicable
2023-07-16 19:55:40,463 [INFO] Rule:228 - rule GTZC_S instance for VP is applicable
2023-07-16 19:55:40,463 [INFO] Rule:228 - rule GTZC_S instance for signal is applicable
2023-07-16 19:55:40,463 [INFO] Rule:228 - rule GTZC_S instance for mcu.Pin is applicable
2023-07-16 19:55:40,463 [INFO] Rule:228 - rule GTZC_S instance for VP is applicable
2023-07-16 19:55:40,463 [INFO] Rule:228 - rule GTZC_S instance for signal is applicable
2023-07-16 19:55:40,463 [INFO] Rule:228 - rule GTZC_S instance for mcu is applicable
2023-07-16 19:55:40,463 [INFO] Rule:228 - rule GTZC_S instance for mcu.Pin is applicable
2023-07-16 19:55:40,463 [INFO] Rule:228 - rule GTZC_S instance value for IP GTZC is applicable
2023-07-16 19:55:40,463 [INFO] Rule:228 - rule GTZC_S instance for project manager is applicable
2023-07-16 19:55:40,463 [INFO] Rule:228 - rule GTZC_S instance for context M33S is applicable
2023-07-16 19:55:40,463 [INFO] Rule:228 - rule GTZC_S instance for VP is applicable
2023-07-16 19:55:40,463 [INFO] Rule:228 - rule GTZC_S instance for signal is applicable
2023-07-16 19:55:40,463 [INFO] Rule:228 - rule SPDIFRX instance for mcu is applicable
2023-07-16 19:55:40,463 [INFO] Rule:228 - rule Rename Tracer Mode is applicable
2023-07-16 19:55:40,464 [INFO] Rule:228 - rule SPDIFRX instance value for IP SPDIFRX is applicable
2023-07-16 19:55:40,464 [INFO] Rule:228 - rule SPDIFRX instance for signal is applicable
2023-07-16 19:55:40,464 [INFO] Rule:228 - rule SPDIFRX instance for project manager is applicable
2023-07-16 19:55:40,464 [INFO] Rule:228 - rule SPDIFRX instance for project manager is applicable
2023-07-16 19:55:40,464 [INFO] Rule:228 - rule ADC Scan  fix with FW F7 is applicable
2023-07-16 19:55:40,464 [INFO] Rule:228 - rule ADC Scan  fix with FW F7 is applicable
2023-07-16 19:55:40,464 [INFO] Rule:228 - rule DMA-DAC mode for DIE422 is applicable
2023-07-16 19:55:40,464 [INFO] Rule:228 - rule DMA-DAC mode for DIE438 is applicable
2023-07-16 19:55:40,464 [INFO] Rule:228 - rule DMA-DAC mode for DIE432 or DIE446 is applicable
2023-07-16 19:55:40,464 [INFO] Rule:228 - rule DFSDM instance value for IP DFSDM is applicable
2023-07-16 19:55:40,464 [INFO] Rule:228 - rule DFSDM instance for mcu is applicable
2023-07-16 19:55:40,464 [INFO] Rule:228 - rule DFSDM instance for VP is applicable
2023-07-16 19:55:40,464 [INFO] Rule:228 - rule DFSDM instance for signal is applicable
2023-07-16 19:55:40,464 [INFO] Rule:228 - rule DFSDM instance for shared is applicable
2023-07-16 19:55:40,464 [INFO] Rule:228 - rule BreakInputSource parameter for IP Timer is applicable
2023-07-16 19:55:40,464 [INFO] Rule:228 - rule Sourcebreak parameter for IP Timer is applicable
2023-07-16 19:55:40,464 [INFO] Rule:228 - rule Sourcebreak parameter for IP Timer is applicable
2023-07-16 19:55:40,464 [INFO] Rule:228 - rule DFSDM for PCC is applicable
2023-07-16 19:55:40,464 [INFO] Rule:228 - rule Serial_Wire Mode is applicable
2023-07-16 19:55:40,464 [INFO] Rule:228 - rule JTAG_4_pins Mode is applicable
2023-07-16 19:55:40,464 [INFO] Rule:228 - rule JTAG_5_pins Mode is applicable
2023-07-16 19:55:40,465 [INFO] Rule:228 - rule Trace_Asynchronous_SW Mode is applicable
2023-07-16 19:55:40,465 [INFO] Rule:228 - rule Trace_Synchro_1bit_JTAG Mode is applicable
2023-07-16 19:55:40,465 [INFO] Rule:228 - rule Trace_Synchro_2bits_JTAG Mode is applicable
2023-07-16 19:55:40,465 [INFO] Rule:228 - rule Trace_Synchro_4bits_JTAG Mode is applicable
2023-07-16 19:55:40,465 [INFO] Rule:228 - rule Trace_Synchro_1bit_SW Mode is applicable
2023-07-16 19:55:40,465 [INFO] Rule:228 - rule Trace_Synchro_2bits_SW Mode is applicable
2023-07-16 19:55:40,465 [INFO] Rule:228 - rule Trace_Synchro_4bits_SW Mode is applicable
2023-07-16 19:55:40,465 [INFO] Rule:228 - rule SYS_WakeUp0 Mode is applicable
2023-07-16 19:55:40,465 [INFO] Rule:228 - rule SYS_WakeUp0 Mode for STM32F446 is applicable
2023-07-16 19:55:40,465 [INFO] Rule:228 - rule SYS_WakeUp1 Mode is applicable
2023-07-16 19:55:40,465 [INFO] Rule:228 - rule SYS_WakeUp1 Mode for STM32F446 is applicable
2023-07-16 19:55:40,465 [INFO] Rule:228 - rule SYS_WakeUp2 Mode is applicable
2023-07-16 19:55:40,465 [INFO] Rule:228 - rule SYS_WakeUp3 Mode is applicable
2023-07-16 19:55:40,465 [INFO] Rule:228 - rule SYS_WakeUp4 Mode is applicable
2023-07-16 19:55:40,465 [INFO] Rule:228 - rule SYS_WakeUp5 Mode is applicable
2023-07-16 19:55:40,465 [INFO] Rule:228 - rule SYS_WakeUp6 Mode is applicable
2023-07-16 19:55:40,465 [INFO] Rule:228 - rule SYS_WakeUp7 Mode is applicable
2023-07-16 19:55:40,465 [INFO] Rule:228 - rule WakeUp0 Mode is applicable
2023-07-16 19:55:40,465 [INFO] Rule:228 - rule WakeUp0 SIGNAL is applicable
2023-07-16 19:55:40,465 [INFO] Rule:228 - rule WakeUp1 Mode is applicable
2023-07-16 19:55:40,465 [INFO] Rule:228 - rule WakeUp1 SIGNAL is applicable
2023-07-16 19:55:40,466 [INFO] Rule:228 - rule WakeUp2 Mode is applicable
2023-07-16 19:55:40,466 [INFO] Rule:228 - rule WakeUp2 SIGNAL is applicable
2023-07-16 19:55:40,466 [INFO] Rule:228 - rule WakeUp4 Mode is applicable
2023-07-16 19:55:40,466 [INFO] Rule:228 - rule WakeUp4 SIGNAL is applicable
2023-07-16 19:55:40,466 [INFO] Rule:228 - rule WakeUp5 Mode is applicable
2023-07-16 19:55:40,466 [INFO] Rule:228 - rule WakeUp5 SIGNAL is applicable
2023-07-16 19:55:40,466 [INFO] Rule:228 - rule Mode_PVD_Ext is applicable
2023-07-16 19:55:40,466 [INFO] Rule:228 - rule Mode_PVD_Int is applicable
2023-07-16 19:55:40,466 [INFO] Rule:228 - rule Add RTC Activate Clock Source is applicable
2023-07-16 19:55:40,466 [INFO] Rule:228 - rule Add RTC Activate Calendar 1 is applicable
2023-07-16 19:55:40,466 [INFO] Rule:228 - rule Add RTC Activate Calendar 2 is applicable
2023-07-16 19:55:40,466 [INFO] Rule:228 - rule Add RTC Activate Calendar 3 is applicable
2023-07-16 19:55:40,466 [INFO] Rule:228 - rule UART/USART TX Mode is applicable
2023-07-16 19:55:40,466 [INFO] Rule:228 - rule UART/USART RX Mode is applicable
2023-07-16 19:55:40,466 [INFO] Rule:228 - rule UART/USART RX TX Mode is applicable
2023-07-16 19:55:40,466 [INFO] Rule:228 - rule UART/USART PARITY NONE is applicable
2023-07-16 19:55:40,466 [INFO] Rule:228 - rule UART/USART PARITY EVEN is applicable
2023-07-16 19:55:40,466 [INFO] Rule:228 - rule UART/USART PARITY ODD is applicable
2023-07-16 19:55:40,466 [INFO] Rule:228 - rule USART StopBits 1 is applicable
2023-07-16 19:55:40,466 [INFO] Rule:228 - rule USART StopBits 2 is applicable
2023-07-16 19:55:40,466 [INFO] Rule:228 - rule USART StopBits 1.5 is applicable
2023-07-16 19:55:40,466 [INFO] Rule:228 - rule USART StopBits 0.5 is applicable
2023-07-16 19:55:40,467 [INFO] Rule:228 - rule UART/USART WORD LENGTH 7 is applicable
2023-07-16 19:55:40,467 [INFO] Rule:228 - rule UART/USART WORD LENGTH 8 is applicable
2023-07-16 19:55:40,467 [INFO] Rule:228 - rule UART/USART WORD LENGTH 9 is applicable
2023-07-16 19:55:40,467 [INFO] Rule:228 - rule Rename FMC NAND NCE signal is applicable
2023-07-16 19:55:40,467 [INFO] Rule:228 - rule Rename FMC NAND INT signal is applicable
2023-07-16 19:55:40,467 [INFO] Rule:228 - rule Change Default Value for LSE Drive Capability for WB family is applicable
2023-07-16 19:55:40,467 [INFO] Rule:228 - rule Change Default Value for ADC Clock Prescaler G0 family is applicable
2023-07-16 19:55:40,467 [INFO] Rule:228 - rule Change Default Value for ADC ExternalTrigConv L4 family is applicable
2023-07-16 19:55:40,467 [INFO] Rule:228 - rule Change Default Value for ADC ExternalTrigInjecConv L4 family is applicable
2023-07-16 19:55:40,467 [INFO] Rule:228 - rule Change Default Value for ADC ExternalTrigConv F3 family is applicable
2023-07-16 19:55:40,467 [INFO] Rule:228 - rule Change Default Value for ADC ExternalTrigInjecConv F3 family is applicable
2023-07-16 19:55:40,467 [INFO] Rule:228 - rule Change Default Value for ADC ExternalTrigConv Goldfish serie is applicable
2023-07-16 19:55:40,467 [INFO] Rule:228 - rule Change Default Value for ADC ExternalTrigInjecConv Goldfish serie is applicable
2023-07-16 19:55:40,467 [INFO] Rule:228 - rule Change Default Value for ADC ExternalTrigConv L0 family is applicable
2023-07-16 19:55:40,467 [INFO] Rule:228 - rule Change Default Value for ADC ExternalTrigConv F0 family is applicable
2023-07-16 19:55:40,467 [INFO] Rule:228 - rule Change Default Value for ADC ExternalTrigConvn L1 family is applicable
2023-07-16 19:55:40,467 [INFO] Rule:228 - rule Change Default Value for ADC ExternalTrigInjecConv L1 family is applicable
2023-07-16 19:55:40,467 [INFO] Rule:228 - rule Change Default Value for ADC ExternalTrigConv F1 family is applicable
2023-07-16 19:55:40,467 [INFO] Rule:228 - rule Change Default Value for ADC ExternalTrigInjecConv F1 family is applicable
2023-07-16 19:55:40,467 [INFO] Rule:228 - rule Change Default Value for ADC ExternalTrigConv F7 family is applicable
2023-07-16 19:55:40,467 [INFO] Rule:228 - rule Change Default Value for ADC ExternalTrigInjecConv F7 family is applicable
2023-07-16 19:55:40,467 [INFO] Rule:228 - rule Change Default Value for ADC ExternalTrigConv F4 and F2 family is applicable
2023-07-16 19:55:40,468 [INFO] Rule:228 - rule Change Default Value for ADC ExternalTrigInjecConv F4 and F2 family is applicable
2023-07-16 19:55:40,468 [INFO] Rule:228 - rule ADC SamplingTime fix with FW L0  is applicable
2023-07-16 19:55:40,468 [INFO] Rule:228 - rule ADC SamplingTime fix with FW L0  is applicable
2023-07-16 19:55:40,468 [INFO] Rule:228 - rule ADC SamplingTime fix with FW L0 is applicable
2023-07-16 19:55:40,468 [INFO] Rule:228 - rule ADC SamplingTime fix with FW L0 is applicable
2023-07-16 19:55:40,468 [INFO] Rule:228 - rule ADC SamplingTime fix with FW L0  is applicable
2023-07-16 19:55:40,468 [INFO] Rule:228 - rule ADC SamplingTime fix with FW L0 is applicable
2023-07-16 19:55:40,468 [INFO] Rule:228 - rule Rename USB_OE Signal is applicable
2023-07-16 19:55:40,468 [INFO] Rule:228 - rule Rename Activate_OE Mode is applicable
2023-07-16 19:55:40,468 [INFO] Rule:228 - rule Rename DIE462/DIE415 pin PC14/OSC32_IN -> PC14-OSC32_IN (PC14) is applicable
2023-07-16 19:55:40,468 [INFO] Rule:228 - rule Rename DIE462/DIE415 pin PC15/OSC32_OUT -> PC15-OSC32_OUT (PC15) is applicable
2023-07-16 19:55:40,468 [INFO] Rule:228 - rule Rename DIE462/DIE415 pin PH0/OSC_IN -> PH0-OSC_IN (PH0) is applicable
2023-07-16 19:55:40,468 [INFO] Rule:228 - rule Rename DIE462/DIE415 pin PH1/OSC_OUT -> PH1-OSC_OUT (PH1) is applicable
2023-07-16 19:55:40,468 [INFO] Rule:228 - rule Rename DIE462 pin PA13 -> PA13 (JTMS/SWDIO) is applicable
2023-07-16 19:55:40,468 [INFO] Rule:228 - rule Rename DIE415 pin PA13 -> PA13 (JTMS/SWDIO) is applicable
2023-07-16 19:55:40,468 [INFO] Rule:228 - rule Rename DIE462 pin PA14 -> PA14 (JTCK/SWCLK) is applicable
2023-07-16 19:55:40,468 [INFO] Rule:228 - rule Rename DIE415 pin PA14 -> PA14 (JTCK/SWCLK) is applicable
2023-07-16 19:55:40,468 [INFO] Rule:228 - rule Rename DIE462/DIE415 pin PA15 -> PA15 (JTDI) is applicable
2023-07-16 19:55:40,468 [INFO] Rule:228 - rule Rename DIE462 pin PB3 -> PB3 (JTD0/TRACESWO) is applicable
2023-07-16 19:55:40,468 [INFO] Rule:228 - rule Rename DIE415 pin PB3 -> PB3 (JTD0-TRACESWO) is applicable
2023-07-16 19:55:40,468 [INFO] Rule:228 - rule Rename DIE462/DIE415 pin PB4 -> PB4 (NJTRST) is applicable
2023-07-16 19:55:40,468 [INFO] Rule:228 - rule Rename DIE462 pin PH3/BOOT0 -> PH3-BOOT0 (BOOT0) is applicable
2023-07-16 19:55:40,468 [INFO] Rule:228 - rule Rename CRYP DataEncryptionTypesList to Algorithm is applicable
2023-07-16 19:55:40,469 [INFO] Rule:228 - rule Rename AES DataEncryptionTypesList to Algorithm is applicable
2023-07-16 19:55:40,469 [INFO] Rule:228 - rule Rename TDESECB to CRYP_TDES_ECB is applicable
2023-07-16 19:55:40,469 [INFO] Rule:228 - rule Rename TDESCBC to CRYP_TDES_CBC is applicable
2023-07-16 19:55:40,469 [INFO] Rule:228 - rule Rename DESECB to CRYP_DES_ECB is applicable
2023-07-16 19:55:40,469 [INFO] Rule:228 - rule Rename DESCBC to CRYP_DES_CBC is applicable
2023-07-16 19:55:40,469 [INFO] Rule:228 - rule Rename AESECB to CRYP_AES_ECB is applicable
2023-07-16 19:55:40,469 [INFO] Rule:228 - rule Rename AESCBC to CRYP_AES_CBC is applicable
2023-07-16 19:55:40,469 [INFO] Rule:228 - rule Rename AESCTR to CRYP_AES_CTR is applicable
2023-07-16 19:55:40,469 [INFO] Rule:228 - rule Rename AESGCM to CRYP_AES_GCM is applicable
2023-07-16 19:55:40,469 [INFO] Rule:228 - rule Rename AESCCM to CRYP_AES_CCM is applicable
2023-07-16 19:55:40,469 [INFO] Rule:228 - rule Rename CAN TimeSeg1 to BS1 is applicable
2023-07-16 19:55:40,469 [INFO] Rule:228 - rule Rename CAN TimeSeg2 to BS2 is applicable
2023-07-16 19:55:40,469 [INFO] Rule:228 - rule Rename CAN SyncJumpWidth to SJW is applicable
2023-07-16 19:55:40,469 [INFO] Rule:228 - rule TimeTriggeredMode to TTCM is applicable
2023-07-16 19:55:40,469 [INFO] Rule:228 - rule Rename CAN AutoBusOff to ABOM is applicable
2023-07-16 19:55:40,469 [INFO] Rule:228 - rule Rename CAN AutoWakeUp to AWUM is applicable
2023-07-16 19:55:40,470 [INFO] Rule:228 - rule Rename CAN AutoRetransmission to NART is applicable
2023-07-16 19:55:40,470 [INFO] Rule:228 - rule Rename CAN ReceiveFifoLocked to RFLM is applicable
2023-07-16 19:55:40,470 [INFO] Rule:228 - rule Rename CAN TransmitFifoPriority to TXFP is applicable
2023-07-16 19:55:40,470 [INFO] Rule:228 - rule Rename HRTIMER HRTIM_OUTPUTFAULTLEVEL_HIGH in HRTIMER HRTIM_OUTPUTFAULTLEVEL_HIGHZ is applicable
2023-07-16 19:55:40,470 [INFO] Rule:228 - rule Rename TIMER TIM_CLEARINPUTSOURCE_OCREFCLR in  TIMER TIM_CLEARINPUTSOURCE_NONE for F7 family is applicable
2023-07-16 19:55:40,470 [INFO] Rule:228 - rule FDCAN_R1 - Rename FDCAN mode Master into Classic is applicable
2023-07-16 19:55:40,470 [INFO] Rule:228 - rule FDCAN_R2 - Rename FDCAN mode Slave into Classic is applicable
2023-07-16 19:55:40,470 [INFO] Rule:228 - rule FDCAN1_R3 - if PA10.Mode=FullDuplex, add Pin PA12 is applicable
2023-07-16 19:55:40,470 [INFO] Rule:228 - rule FDCAN1_R3 - if PA9.Mode=FullDuplex, add Pin PA11 is applicable
2023-07-16 19:55:40,470 [INFO] Rule:228 - rule FDCAN1_R3 - Alternatepin_1 - if PE1.Mode=FullDuplex, add Pin PB9 is applicable
2023-07-16 19:55:40,470 [INFO] Rule:228 - rule FDCAN1_R3 - Alternatepin_1 - if PE0.Mode=FullDuplex, add Pin PB8 is applicable
2023-07-16 19:55:40,470 [INFO] Rule:228 - rule FDCAN1_R3 - Alternatepin_2 - if PD5.Mode=FullDuplex, add Pin PD1 is applicable
2023-07-16 19:55:40,470 [INFO] Rule:228 - rule FDCAN1_R3 - Alternatepin_2 - if PD4.Mode=FullDuplex, add Pin PD0 is applicable
2023-07-16 19:55:40,470 [INFO] Rule:228 - rule FDCAN1_R4 - Rename Mode FullDuplex into Enable FDCAN_TXFD for pin PA10 is applicable
2023-07-16 19:55:40,470 [INFO] Rule:228 - rule FDCAN1_R4 - Rename Mode FullDuplex into Enable FDCAN_TXFD for pin PA9 is applicable
2023-07-16 19:55:40,470 [INFO] Rule:228 - rule FDCAN1_R4 - Alternatepin_1 - Rename Mode FullDuplex into Enable FDCAN_TXFD for pin PE1 is applicable
2023-07-16 19:55:40,470 [INFO] Rule:228 - rule FDCAN1_R4 - Alternatepin_1 - Rename Mode FullDuplex into Enable FDCAN_TXFD for pin PE0 is applicable
2023-07-16 19:55:40,470 [INFO] Rule:228 - rule FDCAN1_R4 - Alternatepin_2 - Rename Mode FullDuplex into Enable FDCAN_TXFD for pin PD5 is applicable
2023-07-16 19:55:40,470 [INFO] Rule:228 - rule FDCAN1_R4 - Alternatepin_2 - Rename Mode FullDuplex into Enable FDCAN_TXFD for pin PD4 is applicable
2023-07-16 19:55:40,471 [INFO] Rule:228 - rule FDCAN2_R3 - if PD10.Mode=FullDuplex, add Pin PB13 is applicable
2023-07-16 19:55:40,471 [INFO] Rule:228 - rule FDCAN2_R3 - if PD9.Mode=FullDuplex, add Pin PB12 is applicable
2023-07-16 19:55:40,471 [INFO] Rule:228 - rule FDCAN2_R3 - Alternatepin_1 - if PB7.Mode=FullDuplex, add Pin PB6 is applicable
2023-07-16 19:55:40,471 [INFO] Rule:228 - rule FDCAN2_R3 - Alternatepin_1 - if PD9.Mode=FullDuplex, add Pin PB12 is applicable
2023-07-16 19:55:40,471 [INFO] Rule:228 - rule FDCAN2_R4 - Rename Mode FullDuplex into Enable FDCAN_TXFD for pin PD10 is applicable
2023-07-16 19:55:40,471 [INFO] Rule:228 - rule FDCAN2_R4 - Rename Mode FullDuplex into Enable FDCAN_TXFD for pin PD9 is applicable
2023-07-16 19:55:40,471 [INFO] Rule:228 - rule FDCAN2_R4 - Alternatepin_1 - Rename Mode FullDuplex into Enable FDCAN_TXFD for pin PB7 is applicable
2023-07-16 19:55:40,471 [INFO] Rule:228 - rule FDCAN2_R4 - Alternatepin_1 - Rename Mode FullDuplex into Enable FDCAN_TXFD for pin PD6 is applicable
2023-07-16 19:55:40,471 [INFO] Rule:228 - rule USART TxPinLevelInvertParam Mode is applicable
2023-07-16 19:55:40,471 [INFO] Rule:228 - rule USART RxPinLevelInvertParam Mode is applicable
2023-07-16 19:55:40,471 [INFO] Rule:228 - rule USART DataInvertParam Mode is applicable
2023-07-16 19:55:40,471 [INFO] Rule:228 - rule USART SwapParam Mode is applicable
2023-07-16 19:55:40,471 [INFO] Rule:228 - rule USART OverrunDisableParam Mode is applicable
2023-07-16 19:55:40,471 [INFO] Rule:228 - rule USART DMADisableonRxErrorParam Mode is applicable
2023-07-16 19:55:40,471 [INFO] Rule:228 - rule USART MSBFirstParam Mode is applicable
2023-07-16 19:55:40,471 [INFO] Rule:228 - rule Update MwName for USB_DEVICE is applicable
2023-07-16 19:55:40,471 [INFO] Rule:228 - rule Change PWR_Regulator_Voltage_Scale Default Value for RCC  H7 family is applicable
2023-07-16 19:55:40,471 [INFO] Rule:228 - rule UART/USART IPParameter rename Prescaler parameter to ClockPrescaler is applicable
2023-07-16 19:55:40,471 [INFO] Rule:228 - rule UART/USART Prescaler rename Prescaler parameter to ClockPrescaler is applicable
2023-07-16 19:55:40,471 [INFO] Rule:228 - rule TIM1CLockSelection is applicable
2023-07-16 19:55:40,471 [INFO] Rule:228 - rule TIM15CLockSelection is applicable
2023-07-16 19:55:40,471 [INFO] Rule:228 - rule align RCC SDMMC3CLockSelection default value on MP1 is applicable
2023-07-16 19:55:40,471 [INFO] Rule:228 - rule align RCC SDMMC12CLockSelection default value on MP1 is applicable
2023-07-16 19:55:40,471 [INFO] Rule:228 - rule align RCC QSPICLockSelection default value on MP1 is applicable
2023-07-16 19:55:40,472 [INFO] Rule:228 - rule align RCC QSPICLockSelection default value on MP1 is applicable
2023-07-16 19:55:40,472 [INFO] Rule:228 - rule align RCC SPI6CLockSelection default value on MP1 is applicable
2023-07-16 19:55:40,472 [INFO] Rule:228 - rule align RCC LPTIM23CLockSelection default value on MP1 is applicable
2023-07-16 19:55:40,472 [INFO] Rule:228 - rule align RCC LPTIM1CLockSelection default value on MP1 is applicable
2023-07-16 19:55:40,472 [INFO] Rule:228 - rule align RCC USART1CLockSelection default value on MP1 is applicable
2023-07-16 19:55:40,472 [INFO] Rule:228 - rule align RCC USART24CLockSelection default value on MP1 is applicable
2023-07-16 19:55:40,472 [INFO] Rule:228 - rule align RCC USART6CLockSelection default value on MP1 is applicable
2023-07-16 19:55:40,472 [INFO] Rule:228 - rule align RCC UART78CLockSelection default value on MP1 is applicable
2023-07-16 19:55:40,472 [INFO] Rule:228 - rule align RCC USART35CLockSelection default value on MP1 is applicable
2023-07-16 19:55:40,472 [INFO] Rule:228 - rule align RCC SPI45CLockSelection default value on MP1 is applicable
2023-07-16 19:55:40,472 [INFO] Rule:228 - rule align RCC I2C46CLockSelection BCLK value on MP1 is applicable
2023-07-16 19:55:40,472 [INFO] Rule:228 - rule align RCC SPI45CLockSelection default value on MP1 is applicable
2023-07-16 19:55:40,472 [INFO] Rule:228 - rule align RCC I2C12CLockSelection default value on MP1 is applicable
2023-07-16 19:55:40,472 [INFO] Rule:228 - rule align RCC I2C35CLockSelection default value on MP1 is applicable
2023-07-16 19:55:40,472 [INFO] Rule:228 - rule align RCC LPTIM45CLockSelection default value on MP1 is applicable
2023-07-16 19:55:40,472 [INFO] Rule:228 - rule Rename DCMI PIXCK signal is applicable
2023-07-16 19:55:40,472 [INFO] Rule:228 - rule Change Default Value for I2C46CLockSelection MP1 family is applicable
2023-07-16 19:55:40,472 [INFO] Rule:228 - rule Change Default Value for UART for G4, G0 and WB families is applicable
2023-07-16 19:55:40,472 [INFO] Rule:228 - rule Change Default Value for USART for G4, G0 and WB families is applicable
2023-07-16 19:55:40,472 [INFO] Rule:228 - rule Change Default Value for USART for G4 family is applicable
2023-07-16 19:55:40,472 [INFO] Rule:228 - rule Change USART1CLockSelection refparam name for MP1 is applicable
2023-07-16 19:55:40,472 [INFO] Rule:228 - rule Change USART2CLockSelection refparam name for MP1 is applicable
2023-07-16 19:55:40,472 [INFO] Rule:228 - rule Change USART3CLockSelection refparam name for MP1 is applicable
2023-07-16 19:55:40,472 [INFO] Rule:228 - rule Change UART4CLockSelection refparam name for MP1 is applicable
2023-07-16 19:55:40,473 [INFO] Rule:228 - rule Change UART5CLockSelection refparam name for MP1 is applicable
2023-07-16 19:55:40,473 [INFO] Rule:228 - rule Change LPUART1CLockSelection refparam name for MP1 is applicable
2023-07-16 19:55:40,473 [INFO] Rule:228 - rule Change LPTIM1CLockSelection refparam name for MP1 is applicable
2023-07-16 19:55:40,473 [INFO] Rule:228 - rule Change LPTIM2CLockSelection refparam name for MP1 is applicable
2023-07-16 19:55:40,473 [INFO] Rule:228 - rule Change RCC_MCO1Source refparam name for MP1 is applicable
2023-07-16 19:55:40,473 [INFO] Rule:228 - rule Change LSCOSource1 refparam name for MP1 is applicable
2023-07-16 19:55:40,473 [INFO] Rule:228 - rule Change SMPSCLockSelection refparam name for MP1 is applicable
2023-07-16 19:55:40,473 [INFO] Rule:228 - rule Change LPTIM3CLockSelection refparam name for MP1 is applicable
2023-07-16 19:55:40,473 [INFO] Rule:228 - rule Change MPCBB* Default Template Mode to Parameters is applicable
2023-07-16 19:55:40,473 [INFO] Rule:228 - rule Change MPCWM* or MPCBB* Secure Mode to Parameters is applicable
2023-07-16 19:55:40,473 [INFO] Rule:228 - rule Change MPCWM* or MPCBB* No Secure Mode to Parameters is applicable
2023-07-16 19:55:40,473 [INFO] Rule:228 - rule Change TZSC IP Secure Mode to Parameters is applicable
2023-07-16 19:55:40,473 [INFO] Rule:228 - rule Change TZSC IP No Secure Mode to Parameters is applicable
2023-07-16 19:55:40,473 [INFO] Rule:228 - rule Change TZSC IP Privilege Mode to Parameters is applicable
2023-07-16 19:55:40,473 [INFO] Rule:228 - rule Change TZSC IP No Privilege Mode to Parameters is applicable
2023-07-16 19:55:40,473 [INFO] Rule:228 - rule Change TZIC IT Secure Mode to Parameters is applicable
2023-07-16 19:55:40,473 [INFO] Rule:228 - rule Change TZIC IT No Secure Mode to Parameters is applicable
2023-07-16 19:55:40,473 [INFO] Rule:228 - rule Add MPCBB1_NonSecureArea_Start_Address value with referenced to MPCBB1_NonSecureArea_Start value is applicable
2023-07-16 19:55:40,473 [INFO] Rule:228 - rule Add MPCBB2_NonSecureArea_Start_Address value with referenced to MPCBB2_NonSecureArea_Start value is applicable
2023-07-16 19:55:40,473 [INFO] Rule:228 - rule Add MPCWM1_NonSecureArea*_Start_Address value with referenced to MPCWM1_NonSecureArea*_Start value is applicable
2023-07-16 19:55:40,473 [INFO] Rule:228 - rule Add MPCWM2_NonSecureArea*_Start_Address value with referenced to MPCWM2_NonSecureArea*_Start value is applicable
2023-07-16 19:55:40,473 [INFO] Rule:228 - rule Add MPCWM3_NonSecureArea_Start_Address value with referenced to MPCWM3_NonSecureArea_Start value is applicable
2023-07-16 19:55:40,473 [INFO] Rule:228 - rule Change Default Value for PLL1UserDefinedConfig is applicable
2023-07-16 19:55:40,473 [INFO] Rule:228 - rule Change GPIO_PuPd Default Value for USART in async mode is applicable
2023-07-16 19:55:40,473 [INFO] Rule:228 - rule Change SMPSDivider Default Value is applicable
2023-07-16 19:55:40,473 [INFO] Rule:228 - rule OPAMP is applicable
2023-07-16 19:55:40,473 [INFO] Rule:228 - rule LPUART IPParameter rename Prescaler parameter to ClockPrescaler for STM32H7 is applicable
2023-07-16 19:55:40,474 [INFO] Rule:228 - rule LPUART IPParameter rename Prescaler parameter to ClockPrescaler for STM32H7 is applicable
2023-07-16 19:55:40,474 [INFO] Rule:228 - rule LPUART IPParameter rename Prescaler parameter to ClockPrescaler for STM32WB is applicable
2023-07-16 19:55:40,474 [INFO] Rule:228 - rule LPUART IPParameter rename Prescaler parameter to ClockPrescaler for STM32WB is applicable
2023-07-16 19:55:40,474 [INFO] Rule:228 - rule LPUART IPParameter rename Prescaler parameter to ClockPrescaler for STM32G4 is applicable
2023-07-16 19:55:40,474 [INFO] Rule:228 - rule LPUART IPParameter rename Prescaler parameter to ClockPrescaler for STM32G4 is applicable
2023-07-16 19:55:40,474 [INFO] Rule:228 - rule LPUART IPParameter rename Prescaler parameter to ClockPrescaler for STM32L5 is applicable
2023-07-16 19:55:40,474 [INFO] Rule:228 - rule LPUART IPParameter rename Prescaler parameter to ClockPrescaler for STM32L5 is applicable
2023-07-16 19:55:40,474 [INFO] Rule:228 - rule LPUART IPParameter rename Prescaler parameter to ClockPrescaler for STM32G4 is applicable
2023-07-16 19:55:40,474 [INFO] Rule:228 - rule LPUART IPParameter rename Prescaler parameter to ClockPrescaler for STM32G4 is applicable
2023-07-16 19:55:40,474 [INFO] Rule:228 - rule USB device lib V2.5.3 for L0 rename USBD_SUPPORT_USER_STRING parameter to USBD_SUPPORT_USER_STRING_DESC4 is applicable
2023-07-16 19:55:40,474 [INFO] Rule:228 - rule I2SCLockSelection clock entry align is applicable
2023-07-16 19:55:40,474 [INFO] Rule:228 - rule Assign TIMx context if used as SYS timebase is applicable
2023-07-16 19:55:40,474 [INFO] Rule:228 - rule Change GPIO_Pu Default Value for I2C is applicable
2023-07-16 19:55:40,474 [INFO] Rule:228 - rule Change GPIO_Pu Default Value for SMBus is applicable
2023-07-16 19:55:40,474 [INFO] Rule:228 - rule change FDCAN default value is applicable
2023-07-16 19:55:40,474 [INFO] Rule:228 - rule Change mode sai is applicable
2023-07-16 19:55:40,474 [INFO] Rule:228 - rule **Change sai mode is applicable
2023-07-16 19:55:40,484 [INFO] DbConfProperties:307 - Apply Compatibility (71/292 Rules)
2023-07-16 19:55:40,508 [INFO] ImportTextPane:194 - (OptionalMessage_ERROR) Unable to find key (Mcu.ThirdPartyNb) in loaded IOC file
2023-07-16 19:55:40,509 [INFO] ImportTextPane:194 - (OptionalMessage_ERROR) Pin5 (PB14) cannot be retrieved for this MCU
2023-07-16 19:55:40,663 [INFO] RtosManager:555 - Registered RTOS mode: class=CMSIS, group=RTOS, mode=CMSIS_V1, owner=FREERTOS
2023-07-16 19:55:40,663 [INFO] RtosManager:555 - Registered RTOS mode: class=CMSIS, group=RTOS2, mode=CMSIS_V2, owner=FREERTOS
2023-07-16 19:55:40,663 [INFO] RtosManager:555 - Registered RTOS mode: class=RTOS, group=Core, mode=CMSIS_V1, owner=FREERTOS
2023-07-16 19:55:40,664 [INFO] RtosManager:555 - Registered RTOS mode: class=RTOS, group=Core, mode=CMSIS_V2, owner=FREERTOS
2023-07-16 19:55:40,664 [WARN] ModelIntegratedComponent:184 - Missing modes for component STMicroelectronics:FreeRTOS:0.0.1:STMicroelectronics:RTOS:FreeRTOS:Core:::10.2.0:
2023-07-16 19:55:40,674 [WARN] ModelIntegratedComponent:63 - No mode defined for component null
2023-07-16 19:55:40,674 [WARN] ModelIntegratedComponent:63 - No mode defined for component null
2023-07-16 19:55:40,674 [WARN] ModelIntegratedComponent:63 - No mode defined for component null
2023-07-16 19:55:40,674 [WARN] ModelIntegratedComponent:63 - No mode defined for component null
2023-07-16 19:55:40,674 [WARN] ModelIntegratedComponent:63 - No mode defined for component null
2023-07-16 19:55:40,674 [WARN] ModelIntegratedComponent:63 - No mode defined for component null
2023-07-16 19:55:40,674 [WARN] ModelIntegratedComponent:63 - No mode defined for component null
2023-07-16 19:55:40,674 [WARN] ModelIntegratedComponent:63 - No mode defined for component null
2023-07-16 19:55:40,674 [WARN] ModelIntegratedComponent:63 - No mode defined for component null
2023-07-16 19:55:40,674 [WARN] ModelIntegratedComponent:63 - No mode defined for component null
2023-07-16 19:55:40,674 [WARN] ModelIntegratedComponent:63 - No mode defined for component null
2023-07-16 19:55:40,674 [WARN] ModelIntegratedComponent:63 - No mode defined for component null
2023-07-16 19:55:40,674 [WARN] ModelIntegratedComponent:63 - No mode defined for component null
2023-07-16 19:55:40,674 [WARN] ModelIntegratedComponent:63 - No mode defined for component null
2023-07-16 19:55:40,674 [WARN] ModelIntegratedComponent:63 - No mode defined for component null
2023-07-16 19:55:40,674 [WARN] ModelIntegratedComponent:63 - No mode defined for component null
2023-07-16 19:55:40,674 [WARN] ModelIntegratedComponent:63 - No mode defined for component null
2023-07-16 19:55:40,674 [WARN] ModelIntegratedComponent:63 - No mode defined for component null
2023-07-16 19:55:40,674 [WARN] ModelIntegratedComponent:63 - No mode defined for component null
2023-07-16 19:55:40,674 [WARN] ModelIntegratedComponent:63 - No mode defined for component null
2023-07-16 19:55:40,674 [WARN] ModelIntegratedComponent:63 - No mode defined for component null
2023-07-16 19:55:40,674 [WARN] ModelIntegratedComponent:63 - No mode defined for component null
2023-07-16 19:55:40,674 [WARN] ModelIntegratedComponent:63 - No mode defined for component null
2023-07-16 19:55:40,675 [WARN] ModelIntegratedComponent:63 - No mode defined for component null
2023-07-16 19:55:40,675 [WARN] ModelIntegratedComponent:63 - No mode defined for component null
2023-07-16 19:55:40,675 [WARN] ModelIntegratedComponent:63 - No mode defined for component null
2023-07-16 19:55:40,675 [WARN] ModelIntegratedComponent:63 - No mode defined for component null
2023-07-16 19:55:40,675 [WARN] ModelIntegratedComponent:63 - No mode defined for component null
2023-07-16 19:55:40,675 [WARN] ModelIntegratedComponent:63 - No mode defined for component null
2023-07-16 19:55:40,675 [WARN] ModelIntegratedComponent:63 - No mode defined for component null
2023-07-16 19:55:40,675 [WARN] ModelIntegratedComponent:63 - No mode defined for component null
2023-07-16 19:55:40,675 [WARN] ModelIntegratedComponent:63 - No mode defined for component null
2023-07-16 19:55:40,675 [WARN] ModelIntegratedComponent:63 - No mode defined for component null
2023-07-16 19:55:40,753 [INFO] ThirdPartyModel:298 - Start build external matchings
2023-07-16 19:55:41,308 [INFO] ThirdPartyModel:316 - End build external matchings
2023-07-16 19:55:41,323 [INFO] ImportTextPane:194 - (OptionalMessage_ERROR) IP (RCC) : Invalid parameter (FamilyName)
2023-07-16 19:55:41,323 [INFO] ImportTextPane:194 - (OptionalMessage_ERROR) IP (RCC) : Invalid parameter (HSICECFreq_Value)
2023-07-16 19:55:41,323 [INFO] ImportTextPane:194 - (OptionalMessage_ERROR) IP (RCC) : Invalid parameter (CECFreq_Value)
2023-07-16 19:55:41,324 [INFO] ImportTextPane:194 - (OptionalMessage_ERROR) IP (RCC) : Invalid parameter (TimSysFreq_Value)
2023-07-16 19:55:41,324 [INFO] ImportTextPane:194 - (OptionalMessage_ERROR) IP (RCC) : Parameter (USART2Freq_Value) has invalid value (8000000)
2023-07-16 19:55:41,324 [INFO] ImportTextPane:194 - (OptionalMessage_ERROR) IP (RCC) : Invalid parameter (TIM2Freq_Value)
2023-07-16 19:55:41,502 [INFO] UtilMem:75 - End LoadConfig() Used Memory: 822917016 Bytes (1073741824)
2023-07-16 19:55:41,640 [WARN] ThirdParty:833 - waiting for thirdparty lock release [change project]
2023-07-16 19:55:41,640 [INFO] ThirdParty:835 - entering critical section [change project]
2023-07-16 19:55:41,640 [INFO] ThirdParty:1030 - CMSIS Pack Vendor :STMicroelectronics X-CUBE-ISPU 1.1.0
2023-07-16 19:55:41,640 [INFO] ThirdParty:1030 - CMSIS Pack Vendor :STMicroelectronics USBPD 4.1
2023-07-16 19:55:41,640 [INFO] ThirdParty:1030 - CMSIS Pack Vendor :RoweBots I-CUBE-UNISONRTOS 5.5.0-4
2023-07-16 19:55:41,641 [INFO] ThirdParty:1030 - CMSIS Pack Vendor :STMicroelectronics X-CUBE-GNSS1 6.0.0
2023-07-16 19:55:41,641 [INFO] ThirdParty:1030 - CMSIS Pack Vendor :STMicroelectronics USB_HOST 2.0.0
2023-07-16 19:55:41,641 [INFO] ThirdParty:1030 - CMSIS Pack Vendor :STMicroelectronics X-CUBE-AZRTOS-F4 1.1.0
2023-07-16 19:55:41,641 [INFO] ThirdParty:1030 - CMSIS Pack Vendor :STMicroelectronics LIBJPEG 8.0.0
2023-07-16 19:55:41,641 [INFO] ThirdParty:1030 - CMSIS Pack Vendor :STMicroelectronics X-CUBE-SMBUS 2.1.0
2023-07-16 19:55:41,641 [INFO] ThirdParty:1030 - CMSIS Pack Vendor :wolfSSL I-CUBE-wolfSSL 5.6.0
2023-07-16 19:55:41,641 [INFO] ThirdParty:1030 - CMSIS Pack Vendor :STMicroelectronics USB_DEVICE 3.0.0
2023-07-16 19:55:41,641 [INFO] ThirdParty:1030 - CMSIS Pack Vendor :STMicroelectronics X-CUBE-AI 8.0.0
2023-07-16 19:55:41,641 [INFO] ThirdParty:1030 - CMSIS Pack Vendor :STMicroelectronics X-CUBE-FREERTOS 1.0.0
2023-07-16 19:55:41,641 [INFO] ThirdParty:1030 - CMSIS Pack Vendor :STMicroelectronics X-CUBE-FREERTOS 1.0.1
2023-07-16 19:55:41,641 [INFO] ThirdParty:1030 - CMSIS Pack Vendor :STMicroelectronics X-CUBE-TOUCHGFX 4.21.3
2023-07-16 19:55:41,641 [INFO] ThirdParty:1030 - CMSIS Pack Vendor :STMicroelectronics X-CUBE-AZRTOS-F7 1.1.0
2023-07-16 19:55:41,641 [INFO] ThirdParty:1030 - CMSIS Pack Vendor :STMicroelectronics USB_DEVICE 2.0.0
2023-07-16 19:55:41,641 [INFO] ThirdParty:1030 - CMSIS Pack Vendor :STMicroelectronics X-CUBE-MEMS1 9.6.0
2023-07-16 19:55:41,641 [INFO] ThirdParty:1030 - CMSIS Pack Vendor :STMicroelectronics FP-SNS-MOTENV1 4.3.0
2023-07-16 19:55:41,641 [INFO] ThirdParty:1030 - CMSIS Pack Vendor :STMicroelectronics FP-SNS-MOTENV1 4.3.2
2023-07-16 19:55:41,641 [INFO] ThirdParty:1030 - CMSIS Pack Vendor :STMicroelectronics FP-SNS-FLIGHT1 5.0.0
2023-07-16 19:55:41,641 [INFO] ThirdParty:1030 - CMSIS Pack Vendor :STMicroelectronics FP-SNS-FLIGHT1 5.0.1
2023-07-16 19:55:41,641 [INFO] ThirdParty:1030 - CMSIS Pack Vendor :STMicroelectronics X-CUBE-ALGOBUILD 1.3.0
2023-07-16 19:55:41,641 [INFO] ThirdParty:1030 - CMSIS Pack Vendor :STMicroelectronics X-CUBE-BLE1 6.2.4
2023-07-16 19:55:41,641 [INFO] ThirdParty:1030 - CMSIS Pack Vendor :STMicroelectronics X-CUBE-AZRTOS-L5 1.1.0
2023-07-16 19:55:41,641 [INFO] ThirdParty:1030 - CMSIS Pack Vendor :STMicroelectronics FreeRTOS 0.0.1
2023-07-16 19:55:41,641 [INFO] ThirdParty:1030 - CMSIS Pack Vendor :STMicroelectronics X-CUBE-AZRTOS-G0 1.1.0
2023-07-16 19:55:41,641 [INFO] ThirdParty:1030 - CMSIS Pack Vendor :emotas I-CUBE-CANOPEN 1.1.3
2023-07-16 19:55:41,641 [INFO] ThirdParty:1030 - CMSIS Pack Vendor :STMicroelectronics X-CUBE-BLEMGR 2.0.0
2023-07-16 19:55:41,641 [INFO] ThirdParty:1030 - CMSIS Pack Vendor :STMicroelectronics X-CUBE-AI 8.0.1
2023-07-16 19:55:41,641 [INFO] ThirdParty:1030 - CMSIS Pack Vendor :STMicroelectronics X-CUBE-NFC4 3.0.0
2023-07-16 19:55:41,641 [INFO] ThirdParty:1030 - CMSIS Pack Vendor :STMicroelectronics X-CUBE-SUBG2 5.0.0
2023-07-16 19:55:41,641 [INFO] ThirdParty:1030 - CMSIS Pack Vendor :STMicroelectronics STM32_WPAN 1.0.0
2023-07-16 19:55:41,641 [INFO] ThirdParty:1030 - CMSIS Pack Vendor :STMicroelectronics lwIP 2.0.3
2023-07-16 19:55:41,641 [INFO] ThirdParty:1030 - CMSIS Pack Vendor :STMicroelectronics USB_HOST 1.0.0
2023-07-16 19:55:41,641 [INFO] ThirdParty:1030 - CMSIS Pack Vendor :STMicroelectronics X-CUBE-AZRTOS-G4 2.0.0
2023-07-16 19:55:41,641 [INFO] ThirdParty:1030 - CMSIS Pack Vendor :STMicroelectronics PDM2PCM 3.1.0
2023-07-16 19:55:41,641 [INFO] ThirdParty:1030 - CMSIS Pack Vendor :STMicroelectronics X-CUBE-AZRTOS-H7 3.1.0
2023-07-16 19:55:41,642 [INFO] ThirdParty:1030 - CMSIS Pack Vendor :STMicroelectronics X-CUBE-TOF1 3.3.0
2023-07-16 19:55:41,642 [INFO] ThirdParty:1030 - CMSIS Pack Vendor :STMicroelectronics FP-ATR-ASTRA1 1.1.1
2023-07-16 19:55:41,642 [INFO] ThirdParty:1030 - CMSIS Pack Vendor :STMicroelectronics PDM2PCM 3.3.0
2023-07-16 19:55:41,642 [INFO] ThirdParty:1030 - CMSIS Pack Vendor :STMicroelectronics X-CUBE-DISPLAY 3.0.0
2023-07-16 19:55:41,642 [INFO] ThirdParty:1030 - CMSIS Pack Vendor :STMicroelectronics FP-ATR-SIGFOX1 3.2.0
2023-07-16 19:55:41,642 [INFO] ThirdParty:1030 - CMSIS Pack Vendor :STMicroelectronics X-CUBE-AZRTOS-G4 1.0.0
2023-07-16 19:55:41,642 [INFO] ThirdParty:1030 - CMSIS Pack Vendor :STMicroelectronics X-CUBE-AZRTOS-L4 1.0.0
2023-07-16 19:55:41,642 [INFO] ThirdParty:1030 - CMSIS Pack Vendor :STMicroelectronics HAL Drivers 0.0.0
2023-07-16 19:55:41,642 [INFO] ThirdParty:1030 - CMSIS Pack Vendor :STMicroelectronics MBEDTLS 2.16.2
2023-07-16 19:55:41,642 [INFO] ThirdParty:1030 - CMSIS Pack Vendor :STMicroelectronics X-CUBE-TOUCHGFX 4.22.0
2023-07-16 19:55:41,642 [INFO] ThirdParty:1030 - CMSIS Pack Vendor :STMicroelectronics X-CUBE-NFC7 1.0.1
2023-07-16 19:55:41,642 [INFO] ThirdParty:1030 - CMSIS Pack Vendor :STMicroelectronics MBEDTLS 2.14.1
2023-07-16 19:55:41,642 [INFO] ThirdParty:1030 - CMSIS Pack Vendor :STMicroelectronics X-CUBE-NFC7 1.0.0
2023-07-16 19:55:41,642 [INFO] ThirdParty:1030 - CMSIS Pack Vendor :STMicroelectronics X-CUBE-AZRTOS-WL 1.0.0
2023-07-16 19:55:41,642 [INFO] ThirdParty:1030 - CMSIS Pack Vendor :STMicroelectronics X-CUBE-EEPRMA1 4.1.0
2023-07-16 19:55:41,642 [INFO] ThirdParty:1030 - CMSIS Pack Vendor :portGmbH I-Cube-SoM-uGOAL 1.1.0
2023-07-16 19:55:41,642 [INFO] ThirdParty:1030 - CMSIS Pack Vendor :STMicroelectronics X-CUBE-ALS 1.0.1
2023-07-16 19:55:41,642 [INFO] ThirdParty:1030 - CMSIS Pack Vendor :STMicroelectronics X-CUBE-MEMS1 9.5.0
2023-07-16 19:55:41,642 [INFO] ThirdParty:1030 - CMSIS Pack Vendor :STMicroelectronics ThreadX 1.0.0
2023-07-16 19:55:41,642 [INFO] ThirdParty:1030 - CMSIS Pack Vendor :STMicroelectronics X-CUBE-AZRTOS-WB 1.1.0
2023-07-16 19:55:41,642 [INFO] ThirdParty:1030 - CMSIS Pack Vendor :STMicroelectronics X-CUBE-AZRTOS-WL 2.0.0
2023-07-16 19:55:41,642 [INFO] ThirdParty:1030 - CMSIS Pack Vendor :SEGGER I-CUBE-embOS 1.3.1
2023-07-16 19:55:41,642 [INFO] ThirdParty:1030 - CMSIS Pack Vendor :STMicroelectronics USB_DEVICE 1.0.0
2023-07-16 19:55:41,642 [INFO] ThirdParty:1030 - CMSIS Pack Vendor :STMicroelectronics X-CUBE-AZRTOS-L4 2.0.0
2023-07-16 19:55:41,642 [INFO] ThirdParty:1030 - CMSIS Pack Vendor :STMicroelectronics ThreadX 0.0.2
2023-07-16 19:55:41,642 [INFO] ThirdParty:1030 - CMSIS Pack Vendor :WES I-CUBE-Cesium 1.3.0
2023-07-16 19:55:41,642 [INFO] ThirdParty:1030 - CMSIS Pack Vendor :STMicroelectronics FP-ATR-ASTRA1 2.0.0
2023-07-16 19:55:41,642 [INFO] ThirdParty:1030 - CMSIS Pack Vendor :STMicroelectronics lwIP 2.1.2
2023-07-16 19:55:41,642 [INFO] ThirdParty:1030 - CMSIS Pack Vendor :STMicroelectronics X-CUBE-SFXS2LP1 4.0.0
2023-07-16 19:55:41,642 [INFO] ThirdParty:1030 - CMSIS Pack Vendor :STMicroelectronics X-CUBE-BLE2 3.3.0
2023-07-16 19:55:41,642 [INFO] ThirdParty:1030 - CMSIS Pack Vendor :STMicroelectronics PDM2PCM 3.2.0
2023-07-16 19:55:41,642 [INFO] ThirdParty:1030 - CMSIS Pack Vendor :STMicroelectronics X-CUBE-AZRTOS-H7 3.0.0
2023-07-16 19:55:41,642 [INFO] ThirdParty:841 - exiting critical section [change project]
2023-07-16 19:55:41,865 [INFO] PinOutPanel:1499 - setPackage(No Configuration,No Configuration)
2023-07-16 19:55:41,866 [INFO] PinOutPanel:1499 - setPackage(STM32F303K8Tx,LQFP32)
2023-07-16 19:55:42,935 [INFO] UtilMem:75 - Before build in PCC Used Memory: 797710232 Bytes (1073741824)
2023-07-16 19:55:43,606 [INFO] UtilMem:75 - After build in PCC Used Memory: 885790616 Bytes (1073741824)
2023-07-16 19:55:43,624 [INFO] IPUIPlugin:80 - create IPUIPlugin
2023-07-16 19:55:43,625 [INFO] IPUIPlugin:80 - create IPUIPlugin
2023-07-16 19:55:43,625 [INFO] IPUIPlugin:80 - create IPUIPlugin
2023-07-16 19:55:43,625 [INFO] IPUIPlugin:80 - create IPUIPlugin
2023-07-16 19:55:43,625 [INFO] IPUIPlugin:80 - create IPUIPlugin
2023-07-16 19:55:43,625 [INFO] IPUIPlugin:80 - create IPUIPlugin
2023-07-16 19:55:43,625 [INFO] IPUIPlugin:80 - create IPUIPlugin
2023-07-16 19:55:43,625 [INFO] IPUIPlugin:80 - create IPUIPlugin
2023-07-16 19:55:43,625 [INFO] IPUIPlugin:80 - create IPUIPlugin
2023-07-16 19:55:43,625 [INFO] IPUIPlugin:80 - create IPUIPlugin
2023-07-16 19:55:43,625 [INFO] IPUIPlugin:80 - create IPUIPlugin
2023-07-16 19:55:43,625 [INFO] IPUIPlugin:80 - create IPUIPlugin
2023-07-16 19:55:43,625 [INFO] IPUIPlugin:80 - create IPUIPlugin
2023-07-16 19:55:43,625 [INFO] IPUIPlugin:80 - create IPUIPlugin
2023-07-16 19:55:43,626 [INFO] IPUIPlugin:80 - create IPUIPlugin
2023-07-16 19:55:43,626 [INFO] IPUIPlugin:80 - create IPUIPlugin
2023-07-16 19:55:43,626 [INFO] IPUIPlugin:80 - create IPUIPlugin
2023-07-16 19:55:43,626 [INFO] IPUIPlugin:80 - create IPUIPlugin
2023-07-16 19:55:43,626 [INFO] IPUIPlugin:80 - create IPUIPlugin
2023-07-16 19:55:43,626 [INFO] IPUIPlugin:80 - create IPUIPlugin
2023-07-16 19:55:43,626 [INFO] IPUIPlugin:80 - create IPUIPlugin
2023-07-16 19:55:43,627 [INFO] IPUIPlugin:80 - create IPUIPlugin
2023-07-16 19:55:43,627 [INFO] IPUIPlugin:80 - create IPUIPlugin
2023-07-16 19:55:43,627 [INFO] IPUIPlugin:80 - create IPUIPlugin
2023-07-16 19:55:43,627 [INFO] IPUIPlugin:80 - create IPUIPlugin
2023-07-16 19:55:43,627 [INFO] IPUIPlugin:80 - create IPUIPlugin
2023-07-16 19:55:43,627 [INFO] IPUIPlugin:80 - create IPUIPlugin
2023-07-16 19:55:43,627 [INFO] IPUIPlugin:80 - create IPUIPlugin
2023-07-16 19:55:43,628 [INFO] IPUIPlugin:80 - create IPUIPlugin
2023-07-16 19:55:43,628 [INFO] IPUIPlugin:80 - create IPUIPlugin
2023-07-16 19:55:43,628 [INFO] IPUIPlugin:80 - create IPUIPlugin
2023-07-16 19:55:43,628 [INFO] IPUIPlugin:80 - create IPUIPlugin
2023-07-16 19:55:43,628 [INFO] IPUIPlugin:80 - create IPUIPlugin
2023-07-16 19:55:43,628 [INFO] IPUIPlugin:80 - create IPUIPlugin
2023-07-16 19:55:43,810 [INFO] CADModel:165 - CPN selected for project levelSTM32F303K8T6
2023-07-16 19:55:43,810 [INFO] CADModel:114 - Register for checkConnection events
2023-07-16 19:55:43,857 [INFO] OpenFileManager:328 - Restore cursor
2023-07-16 19:55:45,520 [INFO] UtilMem:75 - End SaveConfig() Used Memory: 744725840 Bytes (1073741824)
2023-07-16 19:55:45,584 [INFO] UtilMem:75 - End SaveConfig() Used Memory: 758341216 Bytes (1073741824)
2023-07-16 19:55:45,939 [INFO] BlockDiagram:2759 - set Specific Code input for plugin: NVIC
2023-07-16 19:55:45,939 [INFO] BlockDiagram:2759 - set Specific Code input for plugin: USART
2023-07-16 19:55:45,939 [INFO] BlockDiagram:2759 - set Specific Code input for plugin: SYS
2023-07-16 19:55:45,939 [INFO] BlockDiagram:2759 - set Specific Code input for plugin: GPIO
2023-07-16 19:55:45,939 [INFO] BlockDiagram:2759 - set Specific Code input for plugin: RCC
2023-07-16 19:55:45,941 [INFO] CodeGenerator:799 - code generatio: config db path: C:\ST\STM32CubeIDE_1.13.0\STM32CubeIDE\plugins\com.st.stm32cube.common.mx_6.9.0.202307051724\\db\
2023-07-16 19:55:46,248 [INFO] CodeEngine:255 - oldGeneratedFile, C:\Users\hamuc\STM32CubeIDE\workspace_1.13.0\tst\MXTmpFiles\license.tmp_save
2023-07-16 19:55:46,548 [INFO] CodeEngine:279 - Generated code: C:\Users\hamuc\STM32CubeIDE\workspace_1.13.0\tst\MXTmpFiles\license.tmp
2023-07-16 19:55:46,658 [INFO] CodeEngine:255 - oldGeneratedFile, C:\Users\hamuc\STM32CubeIDE\workspace_1.13.0\tst\MXTmpFiles\gpio.tmp_save
2023-07-16 19:55:46,804 [INFO] CodeEngine:279 - Generated code: C:\Users\hamuc\STM32CubeIDE\workspace_1.13.0\tst\MXTmpFiles\gpio.tmp
2023-07-16 19:55:46,925 [INFO] CodeEngine:255 - oldGeneratedFile, C:\Users\hamuc\STM32CubeIDE\workspace_1.13.0\tst\Core\Src\stm32f3xx_it.c_save
2023-07-16 19:55:47,085 [INFO] CodeEngine:279 - Generated code: C:\Users\hamuc\STM32CubeIDE\workspace_1.13.0\tst\Core\Src\stm32f3xx_it.c
2023-07-16 19:55:47,102 [INFO] CodeEngine:255 - oldGeneratedFile, C:\Users\hamuc\STM32CubeIDE\workspace_1.13.0\tst\Core\Inc\stm32f3xx_it.h_save
2023-07-16 19:55:47,210 [INFO] CodeEngine:279 - Generated code: C:\Users\hamuc\STM32CubeIDE\workspace_1.13.0\tst\Core\Inc\stm32f3xx_it.h
2023-07-16 19:55:47,249 [INFO] CodeEngine:255 - oldGeneratedFile, C:\Users\hamuc\STM32CubeIDE\workspace_1.13.0\tst\Core\Src\stm32f3xx_hal_msp.c_save
2023-07-16 19:55:47,460 [INFO] CodeEngine:279 - Generated code: C:\Users\hamuc\STM32CubeIDE\workspace_1.13.0\tst\Core\Src\stm32f3xx_hal_msp.c
2023-07-16 19:55:47,476 [INFO] CodeEngine:255 - oldGeneratedFile, C:\Users\hamuc\STM32CubeIDE\workspace_1.13.0\tst\MXTmpFiles\system.tmp_save
2023-07-16 19:55:47,558 [INFO] CodeEngine:279 - Generated code: C:\Users\hamuc\STM32CubeIDE\workspace_1.13.0\tst\MXTmpFiles\system.tmp
2023-07-16 19:55:47,587 [INFO] CodeEngine:311 - oldGeneratedFile, C:\Users\hamuc\STM32CubeIDE\workspace_1.13.0\tst\Core\Inc\stm32f3xx_hal_conf.h_save
2023-07-16 19:55:47,769 [INFO] CodeEngine:335 - Generated code: C:\Users\hamuc\STM32CubeIDE\workspace_1.13.0\tst\Core\Inc\stm32f3xx_hal_conf.h
2023-07-16 19:55:47,836 [INFO] CodeEngine:255 - oldGeneratedFile, C:\Users\hamuc\STM32CubeIDE\workspace_1.13.0\tst\Core\Inc\main.h_save
2023-07-16 19:55:47,949 [INFO] CodeEngine:279 - Generated code: C:\Users\hamuc\STM32CubeIDE\workspace_1.13.0\tst\Core\Inc\main.h
2023-07-16 19:55:47,965 [INFO] CodeEngine:255 - oldGeneratedFile, C:\Users\hamuc\STM32CubeIDE\workspace_1.13.0\tst\Core\Src\main.c_save
2023-07-16 19:55:48,114 [INFO] CodeEngine:279 - Generated code: C:\Users\hamuc\STM32CubeIDE\workspace_1.13.0\tst\Core\Src\main.c
2023-07-16 19:55:48,814 [INFO] ProjectBuilder:3064 - Time for Copy HAL[1] : 261mS.
2023-07-16 19:55:48,823 [INFO] ProjectBuilder:4404 - Project Generator version: 4.1.0
2023-07-16 19:55:49,047 [INFO] ConfigFileManager:1457 - The Die is : DIE438
2023-07-16 19:55:49,067 [INFO] ApiDbMcu:507 - Load IP Config File for FATFS
2023-07-16 19:55:49,083 [INFO] ApiDbMcu:507 - Load IP Config File for FREERTOS
2023-07-16 19:55:49,107 [INFO] ApiDbMcu:507 - Load IP Config File for TOUCHSENSING
2023-07-16 19:55:50,061 [INFO] LogOutputStream:77 - [STDOUT_REDIRECT] 
2023-07-16 19:55:54,634 [INFO] ProjectBuilder:4626 - Time for Generating toolchain IDE Files: 5811mS.
2023-07-16 19:55:54,636 [INFO] ProjectBuilder:2935 - Time for Copy CMSIS : 1mS.
2023-07-16 19:55:54,641 [INFO] ProjectBuilder:2935 - Time for Copy CMSIS : 0mS.
2023-07-16 19:55:55,861 [INFO] McuFinderGlobals:76 - Set McuFinderConnectedMode to true
2023-07-16 19:55:55,865 [INFO] ApiDb:448 - Save user favorites file C:\Users\hamuc/.stm32cubeide/favorites.mcus.txt: 0 item(s)
2023-07-16 19:55:55,865 [INFO] ApiDb:452 - User favorites MCUs=[]
2023-07-16 19:55:55,868 [INFO] ApiDb:448 - Save user favorites file C:\Users\hamuc/.stm32cubeide/favorites.boards.txt: 0 item(s)
2023-07-16 19:55:55,868 [INFO] ApiDb:452 - User favorites Boards=[]
